2023.03.18 11:57:32 INFO  Started: Metals version 0.11.11 in workspace '/home/karina/Документы/Scala_my_rep/lab_5_zubko' for client Visual Studio Code 1.76.1.
SLF4J: No SLF4J providers were found.
SLF4J: Defaulting to no-operation (NOP) logger implementation
SLF4J: See https://www.slf4j.org/codes.html#noProviders for further details.
SLF4J: Class path contains SLF4J bindings targeting slf4j-api versions 1.7.x or earlier.
SLF4J: Ignoring binding found at [jar:file:/home/karina/.cache/coursier/v1/https/repo1.maven.org/maven2/com/outr/scribe-slf4j_2.13/3.11.0/scribe-slf4j_2.13-3.11.0.jar!/org/slf4j/impl/StaticLoggerBinder.class]
SLF4J: See https://www.slf4j.org/codes.html#ignoredBindings for an explanation.
2023.03.18 11:57:33 INFO  time: initialize in 0.74s
2023.03.18 11:57:36 WARN  Build server is not auto-connectable.
2023.03.18 11:57:36 WARN  no build target for: /home/karina/Документы/Scala_my_rep/lab_5_zubko/src/main/scala/Main.scala
2023.03.18 11:57:38 INFO  running '/usr/lib/jvm/java-17-openjdk-amd64/bin/java -Djline.terminal=jline.UnsupportedTerminal -Dsbt.log.noformat=true -Dfile.encoding=UTF-8 -jar /tmp/metals1333380618406045442/sbt-launch.jar -Dbloop.export-jar-classifiers=sources bloopInstall'
2023.03.18 11:57:39 WARN  no build target for: /home/karina/Документы/Scala_my_rep/lab_5_zubko/project/metals.sbt
2023.03.18 11:57:39 WARN  no build target for: /home/karina/Документы/Scala_my_rep/lab_5_zubko/project/project/metals.sbt
2023.03.18 11:57:39 INFO  skipping build import with status 'Started'
2023.03.18 11:57:40 INFO  no build target found for /home/karina/Документы/Scala_my_rep/lab_5_zubko/src/main/scala/Main.scala. Using presentation compiler with project's scala-library version: 3.2.2
2023.03.18 11:57:42 INFO  [info] welcome to sbt 1.8.2 (Private Build Java 17.0.6)
2023.03.18 11:57:44 INFO  time: code lens generation in 5.39s
2023.03.18 11:57:44 INFO  time: code lens generation in 8.21s
2023.03.18 11:57:44 INFO  time: code lens generation in 8.21s
2023.03.18 11:57:46 INFO  [info] loading settings for project lab_5_zubko-build-build from metals.sbt ...
2023.03.18 11:57:47 INFO  [info] loading project definition from /home/karina/Документы/Scala_my_rep/lab_5_zubko/project/project
2023.03.18 11:57:50 WARN  no build target for: /home/karina/Документы/Scala_my_rep/lab_5_zubko/src/main/scala/Main.scala
2023.03.18 11:57:52 INFO  [info] loading settings for project lab_5_zubko-build from metals.sbt ...
2023.03.18 11:57:52 INFO  [info] loading project definition from /home/karina/Документы/Scala_my_rep/lab_5_zubko/project
2023.03.18 11:57:57 INFO  [success] Generated .bloop/lab_5_zubko-build.json
2023.03.18 11:57:57 INFO  [success] Total time: 4 s, completed 18 мар. 2023 г., 11:57:57
2023.03.18 11:57:57 WARN  no build target for: /home/karina/Документы/Scala_my_rep/lab_5_zubko/src/main/scala/Main.scala
2023.03.18 11:57:59 INFO  [info] loading settings for project lab_5_zubko from build.sbt ...
2023.03.18 11:57:59 INFO  [info] set current project to hello-world (in build file:/home/karina/Документы/Scala_my_rep/lab_5_zubko/)
2023.03.18 11:58:01 INFO  [success] Generated .bloop/lab_5_zubko.json
2023.03.18 11:58:01 INFO  [success] Generated .bloop/lab_5_zubko-test.json
2023.03.18 11:58:01 INFO  [success] Total time: 1 s, completed 18 мар. 2023 г., 11:58:01
2023.03.18 11:58:01 INFO  time: ran 'sbt bloopInstall' in 22s
2023.03.18 11:58:01 INFO  Attempting to connect to the build server...
2023.03.18 11:58:01 INFO  Bloop uses /usr/lib/jvm/java-17-openjdk-amd64 defined at /home/karina/.bloop/bloop.json
2023.03.18 11:58:01 INFO  tracing is disabled for protocol BSP, to enable tracing of incoming and outgoing JSON messages create an empty file at /home/karina/Документы/Scala_my_rep/lab_5_zubko/.metals/bsp.trace.json or /home/karina/.cache/metals/bsp.trace.json
2023.03.18 11:58:01 INFO  Attempting to connect to the build server...
2023.03.18 11:58:01 INFO  Bloop uses /usr/lib/jvm/java-17-openjdk-amd64 defined at /home/karina/.bloop/bloop.json
2023.03.18 11:58:01 INFO  tracing is disabled for protocol BSP, to enable tracing of incoming and outgoing JSON messages create an empty file at /home/karina/Документы/Scala_my_rep/lab_5_zubko/project/.metals/bsp.trace.json or /home/karina/.cache/metals/bsp.trace.json
2023.03.18 11:58:02 INFO  time: Connected to build server in 0.58s
2023.03.18 11:58:02 INFO  Connected to Build server: Bloop v1.5.6
2023.03.18 11:58:02 INFO  time: Imported build in 0.12s
2023.03.18 11:58:06 WARN  Could not find java sources in /usr/lib/jvm/src.zip, /usr/lib/jvm/lib/src.zip, /usr/lib/jvm/java-17-openjdk-amd64/src.zip, /usr/lib/jvm/java-17-openjdk-amd64/lib/src.zip. Java symbols will not be available.
2023.03.18 11:58:10 WARN  Could not find java sources in /usr/lib/jvm/src.zip, /usr/lib/jvm/lib/src.zip, /usr/lib/jvm/java-17-openjdk-amd64/src.zip, /usr/lib/jvm/java-17-openjdk-amd64/lib/src.zip. Java symbols will not be available.
2023.03.18 11:58:10 WARN  Could not find java sources in /usr/lib/jvm/src.zip, /usr/lib/jvm/lib/src.zip, /usr/lib/jvm/java-17-openjdk-amd64/src.zip, /usr/lib/jvm/java-17-openjdk-amd64/lib/src.zip. Java symbols will not be available.
2023.03.18 11:58:10 INFO  time: indexed workspace in 8.78s
2023.03.18 11:58:25 INFO  compiling lab_5_zubko (1 scala source)
2023.03.18 11:58:25 INFO  time: compiled lab_5_zubko in 0.83s
2023.03.18 12:00:49 INFO  
2023.03.18 12:00:49 INFO  Template applied in /home/karina/Документы/Scala_my_rep/./lab_6_zubko
2023.03.18 12:00:49 INFO  
2023.03.18 12:00:49 INFO  time: ran 'giter8.Giter8' in 3.76s
2023.03.18 12:00:56 INFO  Shutting down server
2023.03.18 12:00:56 INFO  shutting down Metals
2023.03.18 12:00:56 INFO  Shut down connection with build server.
2023.03.18 12:00:56 INFO  Shut down connection with build server.
2023.03.18 12:00:57 INFO  Exiting server
