2023.03.17 23:40:39 INFO  Started: Metals version 0.11.11 in workspace '/home/karina/Документы/Scala_my_rep/hello-world' for client Visual Studio Code 1.76.1.
SLF4J: No SLF4J providers were found.
SLF4J: Defaulting to no-operation (NOP) logger implementation
SLF4J: See https://www.slf4j.org/codes.html#noProviders for further details.
SLF4J: Class path contains SLF4J bindings targeting slf4j-api versions 1.7.x or earlier.
SLF4J: Ignoring binding found at [jar:file:/home/karina/.cache/coursier/v1/https/repo1.maven.org/maven2/com/outr/scribe-slf4j_2.13/3.11.0/scribe-slf4j_2.13-3.11.0.jar!/org/slf4j/impl/StaticLoggerBinder.class]
SLF4J: See https://www.slf4j.org/codes.html#ignoredBindings for an explanation.
2023.03.17 23:40:40 INFO  time: initialize in 0.78s
2023.03.17 23:40:42 WARN  Build server is not auto-connectable.
2023.03.17 23:40:42 WARN  no build target for: /home/karina/Документы/Scala_my_rep/hello-world/src/main/scala/Main.scala
2023.03.17 23:40:46 INFO  no build target found for /home/karina/Документы/Scala_my_rep/hello-world/src/main/scala/Main.scala. Using presentation compiler with project's scala-library version: 3.2.2
2023.03.17 23:40:48 INFO  time: code lens generation in 5.17s
2023.03.17 23:40:54 WARN  no build target for: /home/karina/Документы/Scala_my_rep/hello-world/src/main/scala/Main.scala
2023.03.17 23:40:55 WARN  no build target for: /home/karina/Документы/Scala_my_rep/hello-world/src/main/scala/Main.scala
2023.03.17 23:40:57 INFO  running '/usr/lib/jvm/java-17-openjdk-amd64/bin/java -Djline.terminal=jline.UnsupportedTerminal -Dsbt.log.noformat=true -Dfile.encoding=UTF-8 -jar /tmp/metals5541156593804055688/sbt-launch.jar -Dbloop.export-jar-classifiers=sources bloopInstall'
2023.03.17 23:40:57 WARN  no build target for: /home/karina/Документы/Scala_my_rep/hello-world/project/metals.sbt
2023.03.17 23:40:57 INFO  skipping build import with status 'Started'
2023.03.17 23:41:02 INFO  [info] welcome to sbt 1.8.2 (Private Build Java 17.0.6)
2023.03.17 23:41:05 INFO  [info] loading settings for project hello-world-build-build from metals.sbt ...
2023.03.17 23:41:06 INFO  [info] loading project definition from /home/karina/Документы/Scala_my_rep/hello-world/project/project
2023.03.17 23:41:11 INFO  [info] loading settings for project hello-world-build from metals.sbt ...
2023.03.17 23:41:11 INFO  [info] loading project definition from /home/karina/Документы/Scala_my_rep/hello-world/project
2023.03.17 23:41:19 INFO  [success] Generated .bloop/hello-world-build.json
2023.03.17 23:41:20 INFO  [success] Total time: 9 s, completed 17 мар. 2023 г., 23:41:20
2023.03.17 23:41:23 INFO  [info] loading settings for project hello-world from build.sbt ...
2023.03.17 23:41:23 INFO  [info] set current project to hello-world (in build file:/home/karina/Документы/Scala_my_rep/hello-world/)
2023.03.17 23:41:30 INFO  [success] Generated .bloop/hello-world-test.json
2023.03.17 23:41:30 INFO  [success] Generated .bloop/hello-world.json
2023.03.17 23:41:30 INFO  [success] Total time: 6 s, completed 17 мар. 2023 г., 23:41:30
2023.03.17 23:41:30 INFO  time: ran 'sbt bloopInstall' in 33s
2023.03.17 23:41:30 INFO  Attempting to connect to the build server...
2023.03.17 23:41:30 INFO  Bloop uses /usr/lib/jvm/java-17-openjdk-amd64 defined at /home/karina/.bloop/bloop.json
2023.03.17 23:41:30 INFO  tracing is disabled for protocol BSP, to enable tracing of incoming and outgoing JSON messages create an empty file at /home/karina/Документы/Scala_my_rep/hello-world/.metals/bsp.trace.json or /home/karina/.cache/metals/bsp.trace.json
2023.03.17 23:41:33 INFO  Attempting to connect to the build server...
2023.03.17 23:41:33 INFO  Bloop uses /usr/lib/jvm/java-17-openjdk-amd64 defined at /home/karina/.bloop/bloop.json
2023.03.17 23:41:33 INFO  tracing is disabled for protocol BSP, to enable tracing of incoming and outgoing JSON messages create an empty file at /home/karina/Документы/Scala_my_rep/hello-world/project/.metals/bsp.trace.json or /home/karina/.cache/metals/bsp.trace.json
2023.03.17 23:41:34 INFO  time: Connected to build server in 4.38s
2023.03.17 23:41:34 INFO  Connected to Build server: Bloop v1.5.6
2023.03.17 23:41:39 WARN  Could not find java sources in /usr/lib/jvm/src.zip, /usr/lib/jvm/lib/src.zip, /usr/lib/jvm/java-17-openjdk-amd64/src.zip, /usr/lib/jvm/java-17-openjdk-amd64/lib/src.zip. Java symbols will not be available.
2023.03.17 23:41:43 WARN  Could not find java sources in /usr/lib/jvm/src.zip, /usr/lib/jvm/lib/src.zip, /usr/lib/jvm/java-17-openjdk-amd64/src.zip, /usr/lib/jvm/java-17-openjdk-amd64/lib/src.zip. Java symbols will not be available.
2023.03.17 23:41:43 WARN  Could not find java sources in /usr/lib/jvm/src.zip, /usr/lib/jvm/lib/src.zip, /usr/lib/jvm/java-17-openjdk-amd64/src.zip, /usr/lib/jvm/java-17-openjdk-amd64/lib/src.zip. Java symbols will not be available.
2023.03.17 23:41:43 INFO  time: indexed workspace in 8.55s
2023.03.17 23:41:43 INFO  compiling hello-world (1 scala source)
2023.03.17 23:42:02 INFO  time: compiled hello-world in 19s
мар. 17, 2023 11:42:07 PM org.eclipse.lsp4j.jsonrpc.RemoteEndpoint fallbackResponseError
SEVERE: Internal error: java.lang.reflect.InvocationTargetException
java.lang.RuntimeException: java.lang.reflect.InvocationTargetException
	at org.eclipse.lsp4j.jsonrpc.services.GenericEndpoint.lambda$null$0(GenericEndpoint.java:67)
	at org.eclipse.lsp4j.jsonrpc.services.GenericEndpoint.request(GenericEndpoint.java:120)
	at org.eclipse.lsp4j.jsonrpc.RemoteEndpoint.handleRequest(RemoteEndpoint.java:261)
	at org.eclipse.lsp4j.jsonrpc.RemoteEndpoint.consume(RemoteEndpoint.java:190)
	at org.eclipse.lsp4j.jsonrpc.json.StreamMessageProducer.handleMessage(StreamMessageProducer.java:194)
	at org.eclipse.lsp4j.jsonrpc.json.StreamMessageProducer.listen(StreamMessageProducer.java:94)
	at org.eclipse.lsp4j.jsonrpc.json.ConcurrentMessageProcessor.run(ConcurrentMessageProcessor.java:113)
	at java.base/java.util.concurrent.Executors$RunnableAdapter.call(Executors.java:539)
	at java.base/java.util.concurrent.FutureTask.run(FutureTask.java:264)
	at java.base/java.util.concurrent.ThreadPoolExecutor.runWorker(ThreadPoolExecutor.java:1136)
	at java.base/java.util.concurrent.ThreadPoolExecutor$Worker.run(ThreadPoolExecutor.java:635)
	at java.base/java.lang.Thread.run(Thread.java:833)
Caused by: java.lang.reflect.InvocationTargetException
	at java.base/jdk.internal.reflect.NativeMethodAccessorImpl.invoke0(Native Method)
	at java.base/jdk.internal.reflect.NativeMethodAccessorImpl.invoke(NativeMethodAccessorImpl.java:77)
	at java.base/jdk.internal.reflect.DelegatingMethodAccessorImpl.invoke(DelegatingMethodAccessorImpl.java:43)
	at java.base/java.lang.reflect.Method.invoke(Method.java:568)
	at org.eclipse.lsp4j.jsonrpc.services.GenericEndpoint.lambda$null$0(GenericEndpoint.java:65)
	... 11 more
Caused by: java.lang.IllegalArgumentException: Bad escape
	at java.base/sun.nio.fs.UnixUriUtils.fromUri(UnixUriUtils.java:88)
	at java.base/sun.nio.fs.UnixFileSystemProvider.getPath(UnixFileSystemProvider.java:102)
	at java.base/java.nio.file.Path.of(Path.java:203)
	at java.base/java.nio.file.Paths.get(Paths.java:98)
	at scala.meta.internal.mtags.MtagsEnrichments$XtensionURIMtags.toAbsolutePath(MtagsEnrichments.scala:120)
	at scala.meta.internal.mtags.MtagsEnrichments$XtensionStringMtags.toAbsolutePath(MtagsEnrichments.scala:173)
	at scala.meta.internal.metals.MetalsEnrichments$XtensionString.toAbsolutePath(MetalsEnrichments.scala:609)
	at scala.meta.internal.metals.MetalsEnrichments$XtensionString.toAbsolutePath(MetalsEnrichments.scala:606)
	at scala.meta.internal.metals.debug.DebugProvider.debugDiscovery(DebugProvider.scala:456)
	at scala.meta.internal.metals.debug.DebugProvider.runCommandDiscovery(DebugProvider.scala:419)
	at scala.meta.internal.metals.MetalsLspService.executeCommand(MetalsLspService.scala:1840)
	at scala.meta.metals.lsp.DelegatingScalaService.executeCommand(DelegatingScalaService.scala:169)
	... 16 more

мар. 17, 2023 11:42:17 PM org.eclipse.lsp4j.jsonrpc.RemoteEndpoint fallbackResponseError
SEVERE: Internal error: java.lang.reflect.InvocationTargetException
java.lang.RuntimeException: java.lang.reflect.InvocationTargetException
	at org.eclipse.lsp4j.jsonrpc.services.GenericEndpoint.lambda$null$0(GenericEndpoint.java:67)
	at org.eclipse.lsp4j.jsonrpc.services.GenericEndpoint.request(GenericEndpoint.java:120)
	at org.eclipse.lsp4j.jsonrpc.RemoteEndpoint.handleRequest(RemoteEndpoint.java:261)
	at org.eclipse.lsp4j.jsonrpc.RemoteEndpoint.consume(RemoteEndpoint.java:190)
	at org.eclipse.lsp4j.jsonrpc.json.StreamMessageProducer.handleMessage(StreamMessageProducer.java:194)
	at org.eclipse.lsp4j.jsonrpc.json.StreamMessageProducer.listen(StreamMessageProducer.java:94)
	at org.eclipse.lsp4j.jsonrpc.json.ConcurrentMessageProcessor.run(ConcurrentMessageProcessor.java:113)
	at java.base/java.util.concurrent.Executors$RunnableAdapter.call(Executors.java:539)
	at java.base/java.util.concurrent.FutureTask.run(FutureTask.java:264)
	at java.base/java.util.concurrent.ThreadPoolExecutor.runWorker(ThreadPoolExecutor.java:1136)
	at java.base/java.util.concurrent.ThreadPoolExecutor$Worker.run(ThreadPoolExecutor.java:635)
	at java.base/java.lang.Thread.run(Thread.java:833)
Caused by: java.lang.reflect.InvocationTargetException
	at java.base/jdk.internal.reflect.NativeMethodAccessorImpl.invoke0(Native Method)
	at java.base/jdk.internal.reflect.NativeMethodAccessorImpl.invoke(NativeMethodAccessorImpl.java:77)
	at java.base/jdk.internal.reflect.DelegatingMethodAccessorImpl.invoke(DelegatingMethodAccessorImpl.java:43)
	at java.base/java.lang.reflect.Method.invoke(Method.java:568)
	at org.eclipse.lsp4j.jsonrpc.services.GenericEndpoint.lambda$null$0(GenericEndpoint.java:65)
	... 11 more
Caused by: java.lang.IllegalArgumentException: Bad escape
	at java.base/sun.nio.fs.UnixUriUtils.fromUri(UnixUriUtils.java:88)
	at java.base/sun.nio.fs.UnixFileSystemProvider.getPath(UnixFileSystemProvider.java:102)
	at java.base/java.nio.file.Path.of(Path.java:203)
	at java.base/java.nio.file.Paths.get(Paths.java:98)
	at scala.meta.internal.mtags.MtagsEnrichments$XtensionURIMtags.toAbsolutePath(MtagsEnrichments.scala:120)
	at scala.meta.internal.mtags.MtagsEnrichments$XtensionStringMtags.toAbsolutePath(MtagsEnrichments.scala:173)
	at scala.meta.internal.metals.MetalsEnrichments$XtensionString.toAbsolutePath(MetalsEnrichments.scala:609)
	at scala.meta.internal.metals.MetalsEnrichments$XtensionString.toAbsolutePath(MetalsEnrichments.scala:606)
	at scala.meta.internal.metals.debug.DebugProvider.debugDiscovery(DebugProvider.scala:456)
	at scala.meta.internal.metals.MetalsLspService.executeCommand(MetalsLspService.scala:1992)
	at scala.meta.metals.lsp.DelegatingScalaService.executeCommand(DelegatingScalaService.scala:169)
	... 16 more

мар. 17, 2023 11:42:20 PM org.eclipse.lsp4j.jsonrpc.RemoteEndpoint fallbackResponseError
SEVERE: Internal error: java.lang.reflect.InvocationTargetException
java.lang.RuntimeException: java.lang.reflect.InvocationTargetException
	at org.eclipse.lsp4j.jsonrpc.services.GenericEndpoint.lambda$null$0(GenericEndpoint.java:67)
	at org.eclipse.lsp4j.jsonrpc.services.GenericEndpoint.request(GenericEndpoint.java:120)
	at org.eclipse.lsp4j.jsonrpc.RemoteEndpoint.handleRequest(RemoteEndpoint.java:261)
	at org.eclipse.lsp4j.jsonrpc.RemoteEndpoint.consume(RemoteEndpoint.java:190)
	at org.eclipse.lsp4j.jsonrpc.json.StreamMessageProducer.handleMessage(StreamMessageProducer.java:194)
	at org.eclipse.lsp4j.jsonrpc.json.StreamMessageProducer.listen(StreamMessageProducer.java:94)
	at org.eclipse.lsp4j.jsonrpc.json.ConcurrentMessageProcessor.run(ConcurrentMessageProcessor.java:113)
	at java.base/java.util.concurrent.Executors$RunnableAdapter.call(Executors.java:539)
	at java.base/java.util.concurrent.FutureTask.run(FutureTask.java:264)
	at java.base/java.util.concurrent.ThreadPoolExecutor.runWorker(ThreadPoolExecutor.java:1136)
	at java.base/java.util.concurrent.ThreadPoolExecutor$Worker.run(ThreadPoolExecutor.java:635)
	at java.base/java.lang.Thread.run(Thread.java:833)
Caused by: java.lang.reflect.InvocationTargetException
	at java.base/jdk.internal.reflect.NativeMethodAccessorImpl.invoke0(Native Method)
	at java.base/jdk.internal.reflect.NativeMethodAccessorImpl.invoke(NativeMethodAccessorImpl.java:77)
	at java.base/jdk.internal.reflect.DelegatingMethodAccessorImpl.invoke(DelegatingMethodAccessorImpl.java:43)
	at java.base/java.lang.reflect.Method.invoke(Method.java:568)
	at org.eclipse.lsp4j.jsonrpc.services.GenericEndpoint.lambda$null$0(GenericEndpoint.java:65)
	... 11 more
Caused by: java.lang.IllegalArgumentException: Bad escape
	at java.base/sun.nio.fs.UnixUriUtils.fromUri(UnixUriUtils.java:88)
	at java.base/sun.nio.fs.UnixFileSystemProvider.getPath(UnixFileSystemProvider.java:102)
	at java.base/java.nio.file.Path.of(Path.java:203)
	at java.base/java.nio.file.Paths.get(Paths.java:98)
	at scala.meta.internal.mtags.MtagsEnrichments$XtensionURIMtags.toAbsolutePath(MtagsEnrichments.scala:120)
	at scala.meta.internal.mtags.MtagsEnrichments$XtensionStringMtags.toAbsolutePath(MtagsEnrichments.scala:173)
	at scala.meta.internal.metals.MetalsEnrichments$XtensionString.toAbsolutePath(MetalsEnrichments.scala:609)
	at scala.meta.internal.metals.MetalsEnrichments$XtensionString.toAbsolutePath(MetalsEnrichments.scala:606)
	at scala.meta.internal.metals.debug.DebugProvider.debugDiscovery(DebugProvider.scala:456)
	at scala.meta.internal.metals.MetalsLspService.executeCommand(MetalsLspService.scala:1992)
	at scala.meta.metals.lsp.DelegatingScalaService.executeCommand(DelegatingScalaService.scala:169)
	... 16 more

2023.03.17 23:44:17 INFO  Shutting down server
2023.03.17 23:44:17 INFO  shutting down Metals
2023.03.17 23:44:17 INFO  Shut down connection with build server.
2023.03.17 23:44:17 INFO  Shut down connection with build server.
2023.03.17 23:44:39 INFO  Started: Metals version 0.11.11 in workspace '/home/karina/Документы/Scala_my_rep/scala_project' for client Visual Studio Code 1.76.1.
SLF4J: No SLF4J providers were found.
SLF4J: Defaulting to no-operation (NOP) logger implementation
SLF4J: See https://www.slf4j.org/codes.html#noProviders for further details.
SLF4J: Class path contains SLF4J bindings targeting slf4j-api versions 1.7.x or earlier.
SLF4J: Ignoring binding found at [jar:file:/home/karina/.cache/coursier/v1/https/repo1.maven.org/maven2/com/outr/scribe-slf4j_2.13/3.11.0/scribe-slf4j_2.13-3.11.0.jar!/org/slf4j/impl/StaticLoggerBinder.class]
SLF4J: See https://www.slf4j.org/codes.html#ignoredBindings for an explanation.
2023.03.17 23:44:44 INFO  time: initialize in 4.99s
2023.03.17 23:44:46 INFO  Attempting to connect to the build server...
2023.03.17 23:44:46 INFO  Bloop uses /usr/lib/jvm/java-17-openjdk-amd64 defined at /home/karina/.bloop/bloop.json
2023.03.17 23:44:47 INFO  tracing is disabled for protocol BSP, to enable tracing of incoming and outgoing JSON messages create an empty file at /home/karina/Документы/Scala_my_rep/scala_project/.metals/bsp.trace.json or /home/karina/.cache/metals/bsp.trace.json
2023.03.17 23:44:47 INFO  Attempting to connect to the build server...
2023.03.17 23:44:47 INFO  Bloop uses /usr/lib/jvm/java-17-openjdk-amd64 defined at /home/karina/.bloop/bloop.json
2023.03.17 23:44:47 INFO  tracing is disabled for protocol BSP, to enable tracing of incoming and outgoing JSON messages create an empty file at /home/karina/Документы/Scala_my_rep/scala_project/project/.metals/bsp.trace.json or /home/karina/.cache/metals/bsp.trace.json
2023.03.17 23:44:47 INFO  time: Connected to build server in 0.62s
2023.03.17 23:44:47 INFO  Connected to Build server: Bloop v1.5.6
2023.03.17 23:44:50 WARN  Could not find java sources in /usr/lib/jvm/src.zip, /usr/lib/jvm/lib/src.zip, /usr/lib/jvm/java-17-openjdk-amd64/src.zip, /usr/lib/jvm/java-17-openjdk-amd64/lib/src.zip. Java symbols will not be available.
2023.03.17 23:44:50 WARN  Could not find java sources in /usr/lib/jvm/src.zip, /usr/lib/jvm/lib/src.zip, /usr/lib/jvm/java-17-openjdk-amd64/src.zip, /usr/lib/jvm/java-17-openjdk-amd64/lib/src.zip. Java symbols will not be available.
2023.03.17 23:44:50 WARN  Could not find java sources in /usr/lib/jvm/src.zip, /usr/lib/jvm/lib/src.zip, /usr/lib/jvm/java-17-openjdk-amd64/src.zip, /usr/lib/jvm/java-17-openjdk-amd64/lib/src.zip. Java symbols will not be available.
2023.03.17 23:44:50 INFO  time: indexed workspace in 3.08s
2023.03.17 23:44:50 INFO  running '/usr/lib/jvm/java-17-openjdk-amd64/bin/java -Djline.terminal=jline.UnsupportedTerminal -Dsbt.log.noformat=true -Dfile.encoding=UTF-8 -jar /tmp/metals3529175169092471745/sbt-launch.jar -Dbloop.export-jar-classifiers=sources bloopInstall'
2023.03.17 23:44:53 INFO  [info] welcome to sbt 1.8.2 (Private Build Java 17.0.6)
2023.03.17 23:44:59 INFO  [info] loading settings for project scala_project-build-build from metals.sbt ...
2023.03.17 23:45:00 INFO  [info] loading project definition from /home/karina/Документы/Scala_my_rep/scala_project/project/project
2023.03.17 23:45:04 INFO  [info] loading settings for project scala_project-build from metals.sbt ...
2023.03.17 23:45:04 INFO  [info] loading project definition from /home/karina/Документы/Scala_my_rep/scala_project/project
2023.03.17 23:45:08 INFO  [success] Generated .bloop/scala_project-build.json
2023.03.17 23:45:08 INFO  [warn] Removed stale /home/karina/Документы/Scala_my_rep/scala_project/project/.bloop/hello-world-build.json
2023.03.17 23:45:08 INFO  [success] Total time: 4 s, completed 17 мар. 2023 г., 23:45:08
2023.03.17 23:45:10 INFO  [info] loading settings for project scala_project from build.sbt ...
2023.03.17 23:45:10 INFO  [info] set current project to hello-world (in build file:/home/karina/Документы/Scala_my_rep/scala_project/)
2023.03.17 23:45:12 INFO  [success] Generated .bloop/scala_project.json
2023.03.17 23:45:12 INFO  [success] Generated .bloop/scala_project-test.json
2023.03.17 23:45:12 INFO  [warn] Removed stale /home/karina/Документы/Scala_my_rep/scala_project/.bloop/hello-world-test.json
2023.03.17 23:45:12 INFO  [warn] Removed stale /home/karina/Документы/Scala_my_rep/scala_project/.bloop/hello-world.json
2023.03.17 23:45:12 INFO  [success] Total time: 1 s, completed 17 мар. 2023 г., 23:45:12
2023.03.17 23:45:12 INFO  time: ran 'sbt bloopInstall' in 21s
2023.03.17 23:45:12 INFO  Disconnecting from Bloop session...
2023.03.17 23:45:12 INFO  Shut down connection with build server.
2023.03.17 23:45:12 INFO  Shut down connection with build server.
2023.03.17 23:45:12 INFO  Attempting to connect to the build server...
2023.03.17 23:45:12 INFO  Bloop uses /usr/lib/jvm/java-17-openjdk-amd64 defined at /home/karina/.bloop/bloop.json
2023.03.17 23:45:12 INFO  tracing is disabled for protocol BSP, to enable tracing of incoming and outgoing JSON messages create an empty file at /home/karina/Документы/Scala_my_rep/scala_project/.metals/bsp.trace.json or /home/karina/.cache/metals/bsp.trace.json
2023.03.17 23:45:12 INFO  Attempting to connect to the build server...
2023.03.17 23:45:12 INFO  Bloop uses /usr/lib/jvm/java-17-openjdk-amd64 defined at /home/karina/.bloop/bloop.json
2023.03.17 23:45:12 INFO  tracing is disabled for protocol BSP, to enable tracing of incoming and outgoing JSON messages create an empty file at /home/karina/Документы/Scala_my_rep/scala_project/project/.metals/bsp.trace.json or /home/karina/.cache/metals/bsp.trace.json
2023.03.17 23:45:12 INFO  time: Connected to build server in 0.15s
2023.03.17 23:45:12 INFO  Connected to Build server: Bloop v1.5.6
2023.03.17 23:45:14 WARN  Could not find java sources in /usr/lib/jvm/src.zip, /usr/lib/jvm/lib/src.zip, /usr/lib/jvm/java-17-openjdk-amd64/src.zip, /usr/lib/jvm/java-17-openjdk-amd64/lib/src.zip. Java symbols will not be available.
2023.03.17 23:45:14 WARN  Could not find java sources in /usr/lib/jvm/src.zip, /usr/lib/jvm/lib/src.zip, /usr/lib/jvm/java-17-openjdk-amd64/src.zip, /usr/lib/jvm/java-17-openjdk-amd64/lib/src.zip. Java symbols will not be available.
2023.03.17 23:45:14 WARN  Could not find java sources in /usr/lib/jvm/src.zip, /usr/lib/jvm/lib/src.zip, /usr/lib/jvm/java-17-openjdk-amd64/src.zip, /usr/lib/jvm/java-17-openjdk-amd64/lib/src.zip. Java symbols will not be available.
2023.03.17 23:45:14 INFO  time: indexed workspace in 1.79s
2023.03.17 23:45:22 INFO  compiling scala_project (1 scala source)
2023.03.17 23:45:23 INFO  time: compiled scala_project in 1.28s
2023.03.17 23:45:48 INFO  compiling scala_project (1 scala source)
2023.03.17 23:45:49 INFO  time: compiled scala_project in 1.04s
2023.03.17 23:45:50 WARN  Could not load snapshot text for /home/karina/Документы/Scala_my_rep/scala_project/src/main/scala/Main.scala
2023.03.17 23:45:50 WARN  Could not load snapshot text for /home/karina/Документы/Scala_my_rep/scala_project/src/main/scala/Main.scala
2023.03.17 23:45:52 INFO  compiling scala_project (1 scala source)
2023.03.17 23:45:52 WARN  Could not load snapshot text for /home/karina/Документы/Scala_my_rep/scala_project/src/main/scala/Main.scala
2023.03.17 23:45:52 INFO  time: compiled scala_project in 0.8s
2023.03.17 23:45:55 INFO  compiling scala_project (1 scala source)
2023.03.17 23:45:55 INFO  time: compiled scala_project in 0.71s
2023.03.17 23:45:58 INFO  compiling scala_project (1 scala source)
2023.03.17 23:45:58 INFO  file:///home/karina/%D0%94%D0%BE%D0%BA%D1%83%D0%BC%D0%B5%D0%BD%D1%82%D1%8B/Scala_my_rep/scala_project/src/main/scala/Main.scala:12:2: stale bloop error: unclosed comment
}/*
 ^
2023.03.17 23:45:58 INFO  time: compiled scala_project in 0.17s
2023.03.17 23:45:58 INFO  file:///home/karina/%D0%94%D0%BE%D0%BA%D1%83%D0%BC%D0%B5%D0%BD%D1%82%D1%8B/Scala_my_rep/scala_project/src/main/scala/Main.scala:12:2: stale bloop error: unclosed comment
}/*
 ^
2023.03.17 23:45:58 INFO  file:///home/karina/%D0%94%D0%BE%D0%BA%D1%83%D0%BC%D0%B5%D0%BD%D1%82%D1%8B/Scala_my_rep/scala_project/src/main/scala/Main.scala:12:2: stale bloop error: unclosed comment
}/*
 ^
2023.03.17 23:45:58 INFO  file:///home/karina/%D0%94%D0%BE%D0%BA%D1%83%D0%BC%D0%B5%D0%BD%D1%82%D1%8B/Scala_my_rep/scala_project/src/main/scala/Main.scala:12:2: stale bloop error: unclosed comment
}/*
 ^
2023.03.17 23:45:58 INFO  file:///home/karina/%D0%94%D0%BE%D0%BA%D1%83%D0%BC%D0%B5%D0%BD%D1%82%D1%8B/Scala_my_rep/scala_project/src/main/scala/Main.scala:12:2: stale bloop error: unclosed comment
}/*
 ^
2023.03.17 23:46:00 INFO  file:///home/karina/%D0%94%D0%BE%D0%BA%D1%83%D0%BC%D0%B5%D0%BD%D1%82%D1%8B/Scala_my_rep/scala_project/src/main/scala/Main.scala:12:2: stale bloop error: unclosed comment
}/*
 ^
2023.03.17 23:46:00 INFO  file:///home/karina/%D0%94%D0%BE%D0%BA%D1%83%D0%BC%D0%B5%D0%BD%D1%82%D1%8B/Scala_my_rep/scala_project/src/main/scala/Main.scala:12:2: stale bloop error: unclosed comment
}/*
 ^
2023.03.17 23:46:01 INFO  file:///home/karina/%D0%94%D0%BE%D0%BA%D1%83%D0%BC%D0%B5%D0%BD%D1%82%D1%8B/Scala_my_rep/scala_project/src/main/scala/Main.scala:12:2: stale bloop error: unclosed comment
}/*
 ^
2023.03.17 23:46:01 INFO  compiling scala_project (1 scala source)
2023.03.17 23:46:01 INFO  time: compiled scala_project in 87ms
2023.03.17 23:46:09 INFO  compiling scala_project (1 scala source)
2023.03.17 23:46:09 INFO  time: compiled scala_project in 0.43s
2023.03.17 23:46:27 INFO  compiling scala_project (1 scala source)
2023.03.17 23:46:27 INFO  time: compiled scala_project in 0.86s
2023.03.17 23:46:31 INFO  compiling scala_project (1 scala source)
2023.03.17 23:46:31 INFO  time: compiled scala_project in 0.36s
2023.03.17 23:47:49 INFO  compiling scala_project (1 scala source)
2023.03.17 23:47:51 INFO  time: compiled scala_project in 1.8s
2023.03.17 23:47:55 INFO  compiling scala_project (1 scala source)
2023.03.17 23:47:55 INFO  time: compiled scala_project in 0.27s
2023.03.17 23:47:59 INFO  compiling scala_project (1 scala source)
2023.03.17 23:47:59 INFO  time: compiled scala_project in 0.76s
2023.03.17 23:48:14 INFO  compiling scala_project (1 scala source)
2023.03.17 23:48:14 INFO  time: compiled scala_project in 0.74s
2023.03.17 23:48:31 INFO  compiling scala_project (1 scala source)
2023.03.17 23:48:31 INFO  time: compiled scala_project in 0.69s
2023.03.17 23:48:33 INFO  compiling scala_project (1 scala source)
2023.03.17 23:48:33 INFO  time: compiled scala_project in 71ms
2023.03.17 23:48:37 INFO  compiling scala_project (1 scala source)
2023.03.17 23:48:37 INFO  time: compiled scala_project in 83ms
2023.03.17 23:48:37 INFO  file:///home/karina/%D0%94%D0%BE%D0%BA%D1%83%D0%BC%D0%B5%D0%BD%D1%82%D1%8B/Scala_my_rep/scala_project/src/main/scala/Main.scala:14:1: stale bloop error: expected class or object definition
/
^
2023.03.17 23:48:37 INFO  compiling scala_project (1 scala source)
2023.03.17 23:48:37 INFO  file:///home/karina/%D0%94%D0%BE%D0%BA%D1%83%D0%BC%D0%B5%D0%BD%D1%82%D1%8B/Scala_my_rep/scala_project/src/main/scala/Main.scala:14:1: stale bloop error: unclosed comment
/*
^
2023.03.17 23:48:37 INFO  time: compiled scala_project in 27ms
2023.03.17 23:48:40 INFO  file:///home/karina/%D0%94%D0%BE%D0%BA%D1%83%D0%BC%D0%B5%D0%BD%D1%82%D1%8B/Scala_my_rep/scala_project/src/main/scala/Main.scala:14:1: stale bloop error: unclosed comment
/*
^
2023.03.17 23:48:40 INFO  file:///home/karina/%D0%94%D0%BE%D0%BA%D1%83%D0%BC%D0%B5%D0%BD%D1%82%D1%8B/Scala_my_rep/scala_project/src/main/scala/Main.scala:14:1: stale bloop error: unclosed comment
/*
^
2023.03.17 23:48:40 INFO  file:///home/karina/%D0%94%D0%BE%D0%BA%D1%83%D0%BC%D0%B5%D0%BD%D1%82%D1%8B/Scala_my_rep/scala_project/src/main/scala/Main.scala:14:1: stale bloop error: unclosed comment
/*
^
2023.03.17 23:48:41 INFO  file:///home/karina/%D0%94%D0%BE%D0%BA%D1%83%D0%BC%D0%B5%D0%BD%D1%82%D1%8B/Scala_my_rep/scala_project/src/main/scala/Main.scala:14:1: stale bloop error: unclosed comment
/*
^
2023.03.17 23:48:43 INFO  compiling scala_project (1 scala source)
2023.03.17 23:48:43 INFO  time: compiled scala_project in 0.3s
2023.03.18 10:23:20 INFO  compiling scala_project (1 scala source)
2023.03.18 10:23:20 INFO  time: compiled scala_project in 0.35s
2023.03.18 10:23:24 INFO  compiling scala_project (1 scala source)
2023.03.18 10:23:24 INFO  time: compiled scala_project in 0.32s
2023.03.18 10:23:38 INFO  compiling scala_project (1 scala source)
2023.03.18 10:23:38 INFO  time: compiled scala_project in 0.81s
2023.03.18 10:23:43 INFO  compiling scala_project (1 scala source)
2023.03.18 10:23:43 INFO  time: compiled scala_project in 0.67s
2023.03.18 10:23:46 INFO  compiling scala_project (1 scala source)
2023.03.18 10:23:46 INFO  time: compiled scala_project in 0.61s
2023.03.18 10:24:09 INFO  compiling scala_project (1 scala source)
2023.03.18 10:24:09 INFO  time: compiled scala_project in 74ms
2023.03.18 10:24:11 INFO  compiling scala_project (1 scala source)
2023.03.18 10:24:11 INFO  time: compiled scala_project in 0.27s
2023.03.18 10:24:15 INFO  compiling scala_project (1 scala source)
2023.03.18 10:24:15 INFO  time: compiled scala_project in 0.26s
2023.03.18 10:25:00 INFO  compiling scala_project (1 scala source)
2023.03.18 10:25:00 INFO  file:///home/karina/%D0%94%D0%BE%D0%BA%D1%83%D0%BC%D0%B5%D0%BD%D1%82%D1%8B/Scala_my_rep/scala_project/src/main/scala/Main.scala:3:1: stale bloop error: unclosed comment
/*object Main {
^
2023.03.18 10:25:00 INFO  time: compiled scala_project in 44ms
2023.03.18 10:25:02 INFO  file:///home/karina/%D0%94%D0%BE%D0%BA%D1%83%D0%BC%D0%B5%D0%BD%D1%82%D1%8B/Scala_my_rep/scala_project/src/main/scala/Main.scala:3:1: stale bloop error: unclosed comment
/*object Main {
^
2023.03.18 10:25:02 INFO  file:///home/karina/%D0%94%D0%BE%D0%BA%D1%83%D0%BC%D0%B5%D0%BD%D1%82%D1%8B/Scala_my_rep/scala_project/src/main/scala/Main.scala:3:1: stale bloop error: unclosed comment
/*object Main {
^
2023.03.18 10:25:03 INFO  compiling scala_project (1 scala source)
2023.03.18 10:25:03 INFO  time: compiled scala_project in 0.54s
