2023.03.18 12:43:49 INFO  Started: Metals version 0.11.11 in workspace '/home/karina/Документы/Scala_my_rep/lab_10-11_zubko' for client Visual Studio Code 1.76.1.
SLF4J: No SLF4J providers were found.
SLF4J: Defaulting to no-operation (NOP) logger implementation
SLF4J: See https://www.slf4j.org/codes.html#noProviders for further details.
SLF4J: Class path contains SLF4J bindings targeting slf4j-api versions 1.7.x or earlier.
SLF4J: Ignoring binding found at [jar:file:/home/karina/.cache/coursier/v1/https/repo1.maven.org/maven2/com/outr/scribe-slf4j_2.13/3.11.0/scribe-slf4j_2.13-3.11.0.jar!/org/slf4j/impl/StaticLoggerBinder.class]
SLF4J: See https://www.slf4j.org/codes.html#ignoredBindings for an explanation.
2023.03.18 12:43:50 INFO  time: initialize in 1.46s
2023.03.18 12:43:53 WARN  Build server is not auto-connectable.
2023.03.18 12:43:55 WARN  no build target for: /home/karina/Документы/Scala_my_rep/lab_10-11_zubko/src/main/scala/Main.scala
2023.03.18 12:43:56 INFO  running '/usr/lib/jvm/java-17-openjdk-amd64/bin/java -Djline.terminal=jline.UnsupportedTerminal -Dsbt.log.noformat=true -Dfile.encoding=UTF-8 -jar /tmp/metals3758719763033401090/sbt-launch.jar -Dbloop.export-jar-classifiers=sources bloopInstall'
2023.03.18 12:43:57 WARN  no build target for: /home/karina/Документы/Scala_my_rep/lab_10-11_zubko/project/metals.sbt
2023.03.18 12:43:57 INFO  skipping build import with status 'Started'
2023.03.18 12:44:00 INFO  no build target found for /home/karina/Документы/Scala_my_rep/lab_10-11_zubko/src/main/scala/Main.scala. Using presentation compiler with project's scala-library version: 3.2.2
2023.03.18 12:44:00 INFO  [info] welcome to sbt 1.8.2 (Private Build Java 17.0.6)
2023.03.18 12:44:03 INFO  time: code lens generation in 6.38s
2023.03.18 12:44:03 INFO  time: code lens generation in 7.77s
2023.03.18 12:44:05 INFO  [info] loading settings for project lab_10-11_zubko-build-build from metals.sbt ...
2023.03.18 12:44:06 INFO  [info] loading project definition from /home/karina/Документы/Scala_my_rep/lab_10-11_zubko/project/project
2023.03.18 12:44:09 INFO  [info] loading settings for project lab_10-11_zubko-build from metals.sbt ...
2023.03.18 12:44:09 INFO  [info] loading project definition from /home/karina/Документы/Scala_my_rep/lab_10-11_zubko/project
2023.03.18 12:44:13 INFO  [success] Generated .bloop/lab_10-11_zubko-build.json
2023.03.18 12:44:13 INFO  [success] Total time: 3 s, completed 18 мар. 2023 г., 12:44:13
2023.03.18 12:44:16 INFO  [info] loading settings for project lab_10-11_zubko from build.sbt ...
2023.03.18 12:44:16 INFO  [info] set current project to hello-world (in build file:/home/karina/Документы/Scala_my_rep/lab_10-11_zubko/)
2023.03.18 12:44:16 INFO  [success] Generated .bloop/lab_10-11_zubko-test.json
2023.03.18 12:44:16 INFO  [success] Generated .bloop/lab_10-11_zubko.json
2023.03.18 12:44:16 INFO  [success] Total time: 0 s, completed 18 мар. 2023 г., 12:44:17
2023.03.18 12:44:17 INFO  time: ran 'sbt bloopInstall' in 20s
2023.03.18 12:44:17 INFO  Attempting to connect to the build server...
2023.03.18 12:44:17 INFO  Bloop uses /usr/lib/jvm/java-17-openjdk-amd64 defined at /home/karina/.bloop/bloop.json
2023.03.18 12:44:17 INFO  tracing is disabled for protocol BSP, to enable tracing of incoming and outgoing JSON messages create an empty file at /home/karina/Документы/Scala_my_rep/lab_10-11_zubko/.metals/bsp.trace.json or /home/karina/.cache/metals/bsp.trace.json
2023.03.18 12:44:17 INFO  Attempting to connect to the build server...
2023.03.18 12:44:17 INFO  Bloop uses /usr/lib/jvm/java-17-openjdk-amd64 defined at /home/karina/.bloop/bloop.json
2023.03.18 12:44:17 INFO  tracing is disabled for protocol BSP, to enable tracing of incoming and outgoing JSON messages create an empty file at /home/karina/Документы/Scala_my_rep/lab_10-11_zubko/project/.metals/bsp.trace.json or /home/karina/.cache/metals/bsp.trace.json
2023.03.18 12:44:17 INFO  time: Connected to build server in 0.42s
2023.03.18 12:44:17 INFO  Connected to Build server: Bloop v1.5.6
2023.03.18 12:44:20 WARN  Could not find java sources in /usr/lib/jvm/src.zip, /usr/lib/jvm/lib/src.zip, /usr/lib/jvm/java-17-openjdk-amd64/src.zip, /usr/lib/jvm/java-17-openjdk-amd64/lib/src.zip. Java symbols will not be available.
2023.03.18 12:44:23 WARN  Could not find java sources in /usr/lib/jvm/src.zip, /usr/lib/jvm/lib/src.zip, /usr/lib/jvm/java-17-openjdk-amd64/src.zip, /usr/lib/jvm/java-17-openjdk-amd64/lib/src.zip. Java symbols will not be available.
2023.03.18 12:44:23 WARN  Could not find java sources in /usr/lib/jvm/src.zip, /usr/lib/jvm/lib/src.zip, /usr/lib/jvm/java-17-openjdk-amd64/src.zip, /usr/lib/jvm/java-17-openjdk-amd64/lib/src.zip. Java symbols will not be available.
2023.03.18 12:44:23 INFO  time: indexed workspace in 5.06s
2023.03.18 12:44:42 INFO  compiling lab_10-11_zubko (1 scala source)
2023.03.18 12:44:42 INFO  time: compiled lab_10-11_zubko in 0.57s
мар. 18, 2023 12:46:52 PM org.eclipse.lsp4j.jsonrpc.RemoteEndpoint handleCancellation
WARNING: Unmatched cancel notification for request id 66
мар. 18, 2023 12:46:59 PM org.eclipse.lsp4j.jsonrpc.RemoteEndpoint handleCancellation
WARNING: Unmatched cancel notification for request id 87
2023.03.18 12:47:16 INFO  compiling lab_10-11_zubko (1 scala source)
2023.03.18 12:47:16 INFO  time: compiled lab_10-11_zubko in 0.45s
2023.03.18 12:47:41 INFO  compiling lab_10-11_zubko (1 scala source)
2023.03.18 12:47:41 INFO  time: code lens generation in 1.08s
2023.03.18 12:47:41 INFO  time: compiled lab_10-11_zubko in 0.36s
2023.03.18 12:51:34 INFO  compiling lab_10-11_zubko (1 scala source)
2023.03.18 12:51:34 INFO  time: compiled lab_10-11_zubko in 0.38s
2023.03.18 12:51:34 INFO  compiling lab_10-11_zubko (1 scala source)
2023.03.18 12:51:35 INFO  time: compiled lab_10-11_zubko in 0.39s
2023.03.18 12:51:52 INFO  compiling lab_10-11_zubko (1 scala source)
2023.03.18 12:51:52 INFO  time: compiled lab_10-11_zubko in 0.12s
2023.03.18 12:51:54 INFO  compiling lab_10-11_zubko (1 scala source)
2023.03.18 12:51:56 INFO  time: compiled lab_10-11_zubko in 1.43s
2023.03.18 12:52:22 INFO  compiling lab_10-11_zubko (1 scala source)
2023.03.18 12:52:24 INFO  time: compiled lab_10-11_zubko in 1.71s
2023.03.18 12:54:52 INFO  
2023.03.18 12:54:52 INFO  Template applied in /home/karina/Документы/Scala_my_rep/./lab_12_zubko
2023.03.18 12:54:52 INFO  
2023.03.18 12:54:52 INFO  time: ran 'giter8.Giter8' in 2.69s
2023.03.18 12:55:02 INFO  Shutting down server
2023.03.18 12:55:02 INFO  shutting down Metals
2023.03.18 12:55:02 INFO  Shut down connection with build server.
2023.03.18 12:55:02 INFO  Shut down connection with build server.
2023.03.18 12:55:02 INFO  Exiting server
