2023.03.18 12:10:35 INFO  Started: Metals version 0.11.11 in workspace '/home/karina/Документы/Scala_my_rep/lab_7_zubko' for client Visual Studio Code 1.76.1.
SLF4J: No SLF4J providers were found.
SLF4J: Defaulting to no-operation (NOP) logger implementation
SLF4J: See https://www.slf4j.org/codes.html#noProviders for further details.
SLF4J: Class path contains SLF4J bindings targeting slf4j-api versions 1.7.x or earlier.
SLF4J: Ignoring binding found at [jar:file:/home/karina/.cache/coursier/v1/https/repo1.maven.org/maven2/com/outr/scribe-slf4j_2.13/3.11.0/scribe-slf4j_2.13-3.11.0.jar!/org/slf4j/impl/StaticLoggerBinder.class]
SLF4J: See https://www.slf4j.org/codes.html#ignoredBindings for an explanation.
2023.03.18 12:10:36 INFO  time: initialize in 0.7s
2023.03.18 12:10:37 WARN  Build server is not auto-connectable.
2023.03.18 12:10:44 WARN  no build target for: /home/karina/Документы/Scala_my_rep/lab_7_zubko/src/main/scala/Main.scala
2023.03.18 12:10:47 INFO  no build target found for /home/karina/Документы/Scala_my_rep/lab_7_zubko/src/main/scala/Main.scala. Using presentation compiler with project's scala-library version: 3.2.2
2023.03.18 12:10:49 INFO  time: code lens generation in 4.06s
2023.03.18 12:12:02 WARN  no build target for: /home/karina/Документы/Scala_my_rep/lab_7_zubko/src/main/scala/Main.scala
2023.03.18 12:12:06 WARN  no build target for: /home/karina/Документы/Scala_my_rep/lab_7_zubko/src/main/scala/Main.scala
2023.03.18 12:12:07 WARN  no build target for: /home/karina/Документы/Scala_my_rep/lab_7_zubko/src/main/scala/Main.scala
2023.03.18 12:16:20 INFO  
2023.03.18 12:16:20 INFO  Template applied in /home/karina/Документы/Scala_my_rep/./lab_8_zubko
2023.03.18 12:16:20 INFO  
2023.03.18 12:16:20 INFO  time: ran 'giter8.Giter8' in 2.98s
2023.03.18 12:16:24 INFO  Shutting down server
2023.03.18 12:16:24 INFO  shutting down Metals
2023.03.18 12:16:28 ERROR Unexpected error initializing server: 
org.eclipse.lsp4j.jsonrpc.ResponseErrorException: Request window/showMessageRequest failed with message: Canceled
	at org.eclipse.lsp4j.jsonrpc.RemoteEndpoint.handleResponse(RemoteEndpoint.java:209)
	at org.eclipse.lsp4j.jsonrpc.RemoteEndpoint.consume(RemoteEndpoint.java:193)
	at org.eclipse.lsp4j.jsonrpc.json.StreamMessageProducer.handleMessage(StreamMessageProducer.java:194)
	at org.eclipse.lsp4j.jsonrpc.json.StreamMessageProducer.listen(StreamMessageProducer.java:94)
	at org.eclipse.lsp4j.jsonrpc.json.ConcurrentMessageProcessor.run(ConcurrentMessageProcessor.java:113)
	at java.util.concurrent.Executors$RunnableAdapter.call(Executors.java:539)
	at java.util.concurrent.FutureTask.run(FutureTask.java:264)
	at java.util.concurrent.ThreadPoolExecutor.runWorker(ThreadPoolExecutor.java:1136)
	at java.util.concurrent.ThreadPoolExecutor$Worker.run(ThreadPoolExecutor.java:635)
	at java.lang.Thread.run(Thread.java:833)

