2023.03.18 11:32:38 INFO  Started: Metals version 0.11.11 in workspace '/home/karina/Документы/Scala_my_rep/lab_2_zubko' for client Visual Studio Code 1.76.1.
SLF4J: No SLF4J providers were found.
SLF4J: Defaulting to no-operation (NOP) logger implementation
SLF4J: See https://www.slf4j.org/codes.html#noProviders for further details.
SLF4J: Class path contains SLF4J bindings targeting slf4j-api versions 1.7.x or earlier.
SLF4J: Ignoring binding found at [jar:file:/home/karina/.cache/coursier/v1/https/repo1.maven.org/maven2/com/outr/scribe-slf4j_2.13/3.11.0/scribe-slf4j_2.13-3.11.0.jar!/org/slf4j/impl/StaticLoggerBinder.class]
SLF4J: See https://www.slf4j.org/codes.html#ignoredBindings for an explanation.
2023.03.18 11:32:39 INFO  time: initialize in 1.59s
2023.03.18 11:32:42 WARN  Build server is not auto-connectable.
2023.03.18 11:32:42 WARN  no build target for: /home/karina/Документы/Scala_my_rep/lab_2_zubko/src/main/scala/Main.scala
2023.03.18 11:32:45 INFO  no build target found for /home/karina/Документы/Scala_my_rep/lab_2_zubko/src/main/scala/Main.scala. Using presentation compiler with project's scala-library version: 3.2.2
2023.03.18 11:32:47 INFO  time: code lens generation in 4.75s
2023.03.18 11:32:47 INFO  time: code lens generation in 4.75s
2023.03.18 11:35:14 INFO  running '/usr/lib/jvm/java-17-openjdk-amd64/bin/java -Djline.terminal=jline.UnsupportedTerminal -Dsbt.log.noformat=true -Dfile.encoding=UTF-8 -jar /tmp/metals10137859946252928980/sbt-launch.jar -Dbloop.export-jar-classifiers=sources bloopInstall'
2023.03.18 11:35:14 WARN  no build target for: /home/karina/Документы/Scala_my_rep/lab_2_zubko/project/metals.sbt
2023.03.18 11:35:16 INFO  [info] welcome to sbt 1.8.2 (Private Build Java 17.0.6)
2023.03.18 11:35:19 INFO  [info] loading settings for project lab_2_zubko-build-build from metals.sbt ...
2023.03.18 11:35:19 INFO  [info] loading project definition from /home/karina/Документы/Scala_my_rep/lab_2_zubko/project/project
2023.03.18 11:35:24 INFO  [info] loading settings for project lab_2_zubko-build from metals.sbt ...
2023.03.18 11:35:25 INFO  skipping build import with status 'Started'
2023.03.18 11:35:24 INFO  [info] loading project definition from /home/karina/Документы/Scala_my_rep/lab_2_zubko/project
2023.03.18 11:35:28 INFO  [success] Generated .bloop/lab_2_zubko-build.json
2023.03.18 11:35:28 INFO  [success] Total time: 4 s, completed 18 мар. 2023 г., 11:35:29
2023.03.18 11:35:33 INFO  [info] loading settings for project lab_2_zubko from build.sbt ...
2023.03.18 11:35:33 INFO  [info] set current project to hello-world (in build file:/home/karina/Документы/Scala_my_rep/lab_2_zubko/)
2023.03.18 11:35:33 INFO  [success] Generated .bloop/lab_2_zubko.json
2023.03.18 11:35:33 INFO  [success] Generated .bloop/lab_2_zubko-test.json
2023.03.18 11:35:33 INFO  [success] Total time: 1 s, completed 18 мар. 2023 г., 11:35:34
2023.03.18 11:35:34 INFO  time: ran 'sbt bloopInstall' in 20s
2023.03.18 11:35:34 INFO  Attempting to connect to the build server...
2023.03.18 11:35:34 INFO  Bloop uses /usr/lib/jvm/java-17-openjdk-amd64 defined at /home/karina/.bloop/bloop.json
2023.03.18 11:35:34 INFO  tracing is disabled for protocol BSP, to enable tracing of incoming and outgoing JSON messages create an empty file at /home/karina/Документы/Scala_my_rep/lab_2_zubko/.metals/bsp.trace.json or /home/karina/.cache/metals/bsp.trace.json
2023.03.18 11:35:34 INFO  Attempting to connect to the build server...
2023.03.18 11:35:34 INFO  Bloop uses /usr/lib/jvm/java-17-openjdk-amd64 defined at /home/karina/.bloop/bloop.json
2023.03.18 11:35:34 INFO  tracing is disabled for protocol BSP, to enable tracing of incoming and outgoing JSON messages create an empty file at /home/karina/Документы/Scala_my_rep/lab_2_zubko/project/.metals/bsp.trace.json or /home/karina/.cache/metals/bsp.trace.json
2023.03.18 11:35:34 INFO  time: Connected to build server in 0.26s
2023.03.18 11:35:34 INFO  Connected to Build server: Bloop v1.5.6
2023.03.18 11:35:37 WARN  Could not find java sources in /usr/lib/jvm/src.zip, /usr/lib/jvm/lib/src.zip, /usr/lib/jvm/java-17-openjdk-amd64/src.zip, /usr/lib/jvm/java-17-openjdk-amd64/lib/src.zip. Java symbols will not be available.
2023.03.18 11:35:39 WARN  Could not find java sources in /usr/lib/jvm/src.zip, /usr/lib/jvm/lib/src.zip, /usr/lib/jvm/java-17-openjdk-amd64/src.zip, /usr/lib/jvm/java-17-openjdk-amd64/lib/src.zip. Java symbols will not be available.
2023.03.18 11:35:39 WARN  Could not find java sources in /usr/lib/jvm/src.zip, /usr/lib/jvm/lib/src.zip, /usr/lib/jvm/java-17-openjdk-amd64/src.zip, /usr/lib/jvm/java-17-openjdk-amd64/lib/src.zip. Java symbols will not be available.
2023.03.18 11:35:39 INFO  time: indexed workspace in 4.46s
2023.03.18 11:35:39 INFO  compiling lab_2_zubko (1 scala source)
2023.03.18 11:35:41 INFO  time: compiled lab_2_zubko in 2.25s
мар. 18, 2023 11:36:09 AM org.eclipse.lsp4j.jsonrpc.RemoteEndpoint fallbackResponseError
SEVERE: Internal error: java.lang.reflect.InvocationTargetException
java.lang.RuntimeException: java.lang.reflect.InvocationTargetException
	at org.eclipse.lsp4j.jsonrpc.services.GenericEndpoint.lambda$null$0(GenericEndpoint.java:67)
	at org.eclipse.lsp4j.jsonrpc.services.GenericEndpoint.request(GenericEndpoint.java:120)
	at org.eclipse.lsp4j.jsonrpc.RemoteEndpoint.handleRequest(RemoteEndpoint.java:261)
	at org.eclipse.lsp4j.jsonrpc.RemoteEndpoint.consume(RemoteEndpoint.java:190)
	at org.eclipse.lsp4j.jsonrpc.json.StreamMessageProducer.handleMessage(StreamMessageProducer.java:194)
	at org.eclipse.lsp4j.jsonrpc.json.StreamMessageProducer.listen(StreamMessageProducer.java:94)
	at org.eclipse.lsp4j.jsonrpc.json.ConcurrentMessageProcessor.run(ConcurrentMessageProcessor.java:113)
	at java.base/java.util.concurrent.Executors$RunnableAdapter.call(Executors.java:539)
	at java.base/java.util.concurrent.FutureTask.run(FutureTask.java:264)
	at java.base/java.util.concurrent.ThreadPoolExecutor.runWorker(ThreadPoolExecutor.java:1136)
	at java.base/java.util.concurrent.ThreadPoolExecutor$Worker.run(ThreadPoolExecutor.java:635)
	at java.base/java.lang.Thread.run(Thread.java:833)
Caused by: java.lang.reflect.InvocationTargetException
	at java.base/jdk.internal.reflect.NativeMethodAccessorImpl.invoke0(Native Method)
	at java.base/jdk.internal.reflect.NativeMethodAccessorImpl.invoke(NativeMethodAccessorImpl.java:77)
	at java.base/jdk.internal.reflect.DelegatingMethodAccessorImpl.invoke(DelegatingMethodAccessorImpl.java:43)
	at java.base/java.lang.reflect.Method.invoke(Method.java:568)
	at org.eclipse.lsp4j.jsonrpc.services.GenericEndpoint.lambda$null$0(GenericEndpoint.java:65)
	... 11 more
Caused by: java.lang.IllegalArgumentException: Bad escape
	at java.base/sun.nio.fs.UnixUriUtils.fromUri(UnixUriUtils.java:88)
	at java.base/sun.nio.fs.UnixFileSystemProvider.getPath(UnixFileSystemProvider.java:102)
	at java.base/java.nio.file.Path.of(Path.java:203)
	at java.base/java.nio.file.Paths.get(Paths.java:98)
	at scala.meta.internal.mtags.MtagsEnrichments$XtensionURIMtags.toAbsolutePath(MtagsEnrichments.scala:120)
	at scala.meta.internal.mtags.MtagsEnrichments$XtensionStringMtags.toAbsolutePath(MtagsEnrichments.scala:173)
	at scala.meta.internal.metals.MetalsEnrichments$XtensionString.toAbsolutePath(MetalsEnrichments.scala:609)
	at scala.meta.internal.metals.MetalsEnrichments$XtensionString.toAbsolutePath(MetalsEnrichments.scala:606)
	at scala.meta.internal.metals.debug.DebugProvider.debugDiscovery(DebugProvider.scala:456)
	at scala.meta.internal.metals.debug.DebugProvider.runCommandDiscovery(DebugProvider.scala:419)
	at scala.meta.internal.metals.MetalsLspService.executeCommand(MetalsLspService.scala:1840)
	at scala.meta.metals.lsp.DelegatingScalaService.executeCommand(DelegatingScalaService.scala:169)
	... 16 more

мар. 18, 2023 11:37:16 AM org.eclipse.lsp4j.jsonrpc.RemoteEndpoint fallbackResponseError
SEVERE: Internal error: java.lang.reflect.InvocationTargetException
java.lang.RuntimeException: java.lang.reflect.InvocationTargetException
	at org.eclipse.lsp4j.jsonrpc.services.GenericEndpoint.lambda$null$0(GenericEndpoint.java:67)
	at org.eclipse.lsp4j.jsonrpc.services.GenericEndpoint.request(GenericEndpoint.java:120)
	at org.eclipse.lsp4j.jsonrpc.RemoteEndpoint.handleRequest(RemoteEndpoint.java:261)
	at org.eclipse.lsp4j.jsonrpc.RemoteEndpoint.consume(RemoteEndpoint.java:190)
	at org.eclipse.lsp4j.jsonrpc.json.StreamMessageProducer.handleMessage(StreamMessageProducer.java:194)
	at org.eclipse.lsp4j.jsonrpc.json.StreamMessageProducer.listen(StreamMessageProducer.java:94)
	at org.eclipse.lsp4j.jsonrpc.json.ConcurrentMessageProcessor.run(ConcurrentMessageProcessor.java:113)
	at java.base/java.util.concurrent.Executors$RunnableAdapter.call(Executors.java:539)
	at java.base/java.util.concurrent.FutureTask.run(FutureTask.java:264)
	at java.base/java.util.concurrent.ThreadPoolExecutor.runWorker(ThreadPoolExecutor.java:1136)
	at java.base/java.util.concurrent.ThreadPoolExecutor$Worker.run(ThreadPoolExecutor.java:635)
	at java.base/java.lang.Thread.run(Thread.java:833)
Caused by: java.lang.reflect.InvocationTargetException
	at java.base/jdk.internal.reflect.NativeMethodAccessorImpl.invoke0(Native Method)
	at java.base/jdk.internal.reflect.NativeMethodAccessorImpl.invoke(NativeMethodAccessorImpl.java:77)
	at java.base/jdk.internal.reflect.DelegatingMethodAccessorImpl.invoke(DelegatingMethodAccessorImpl.java:43)
	at java.base/java.lang.reflect.Method.invoke(Method.java:568)
	at org.eclipse.lsp4j.jsonrpc.services.GenericEndpoint.lambda$null$0(GenericEndpoint.java:65)
	... 11 more
Caused by: java.lang.IllegalArgumentException: Bad escape
	at java.base/sun.nio.fs.UnixUriUtils.fromUri(UnixUriUtils.java:88)
	at java.base/sun.nio.fs.UnixFileSystemProvider.getPath(UnixFileSystemProvider.java:102)
	at java.base/java.nio.file.Path.of(Path.java:203)
	at java.base/java.nio.file.Paths.get(Paths.java:98)
	at scala.meta.internal.mtags.MtagsEnrichments$XtensionURIMtags.toAbsolutePath(MtagsEnrichments.scala:120)
	at scala.meta.internal.mtags.MtagsEnrichments$XtensionStringMtags.toAbsolutePath(MtagsEnrichments.scala:173)
	at scala.meta.internal.metals.MetalsEnrichments$XtensionString.toAbsolutePath(MetalsEnrichments.scala:609)
	at scala.meta.internal.metals.MetalsEnrichments$XtensionString.toAbsolutePath(MetalsEnrichments.scala:606)
	at scala.meta.internal.metals.debug.DebugProvider.debugDiscovery(DebugProvider.scala:456)
	at scala.meta.internal.metals.debug.DebugProvider.runCommandDiscovery(DebugProvider.scala:419)
	at scala.meta.internal.metals.MetalsLspService.executeCommand(MetalsLspService.scala:1840)
	at scala.meta.metals.lsp.DelegatingScalaService.executeCommand(DelegatingScalaService.scala:169)
	... 16 more

мар. 18, 2023 11:37:26 AM org.eclipse.lsp4j.jsonrpc.services.GenericEndpoint notify
INFO: Unsupported notification method: $/setTrace
2023.03.18 11:38:42 INFO  compiling lab_2_zubko (1 scala source)
2023.03.18 11:38:42 INFO  time: compiled lab_2_zubko in 0.96s
2023.03.18 11:42:26 INFO  
2023.03.18 11:42:26 INFO  Template applied in /home/karina/Документы/Scala_my_rep/./lab_3_zubko
2023.03.18 11:42:26 INFO  
2023.03.18 11:42:26 INFO  time: ran 'giter8.Giter8' in 2.61s
2023.03.18 11:42:30 INFO  Shutting down server
2023.03.18 11:42:30 INFO  shutting down Metals
2023.03.18 11:42:30 INFO  Shut down connection with build server.
2023.03.18 11:42:30 INFO  Shut down connection with build server.
2023.03.18 11:42:30 INFO  Exiting server
