2023.03.18 12:16:31 INFO  Started: Metals version 0.11.11 in workspace '/home/karina/Документы/Scala_my_rep/lab_8_zubko' for client Visual Studio Code 1.76.1.
SLF4J: No SLF4J providers were found.
SLF4J: Defaulting to no-operation (NOP) logger implementation
SLF4J: See https://www.slf4j.org/codes.html#noProviders for further details.
SLF4J: Class path contains SLF4J bindings targeting slf4j-api versions 1.7.x or earlier.
SLF4J: Ignoring binding found at [jar:file:/home/karina/.cache/coursier/v1/https/repo1.maven.org/maven2/com/outr/scribe-slf4j_2.13/3.11.0/scribe-slf4j_2.13-3.11.0.jar!/org/slf4j/impl/StaticLoggerBinder.class]
SLF4J: See https://www.slf4j.org/codes.html#ignoredBindings for an explanation.
2023.03.18 12:16:32 INFO  time: initialize in 1.19s
2023.03.18 12:16:35 WARN  Build server is not auto-connectable.
2023.03.18 12:16:35 WARN  no build target for: /home/karina/Документы/Scala_my_rep/lab_8_zubko/src/main/scala/Main.scala
2023.03.18 12:16:38 INFO  running '/usr/lib/jvm/java-17-openjdk-amd64/bin/java -Djline.terminal=jline.UnsupportedTerminal -Dsbt.log.noformat=true -Dfile.encoding=UTF-8 -jar /tmp/metals8806231129282995161/sbt-launch.jar -Dbloop.export-jar-classifiers=sources bloopInstall'
2023.03.18 12:16:38 WARN  no build target for: /home/karina/Документы/Scala_my_rep/lab_8_zubko/project/metals.sbt
2023.03.18 12:16:38 WARN  no build target for: /home/karina/Документы/Scala_my_rep/lab_8_zubko/project/project/metals.sbt
2023.03.18 12:16:38 INFO  skipping build import with status 'Started'
2023.03.18 12:16:38 INFO  no build target found for /home/karina/Документы/Scala_my_rep/lab_8_zubko/src/main/scala/Main.scala. Using presentation compiler with project's scala-library version: 3.2.2
2023.03.18 12:16:41 INFO  [info] welcome to sbt 1.8.2 (Private Build Java 17.0.6)
2023.03.18 12:16:42 INFO  time: code lens generation in 3.47s
2023.03.18 12:16:42 INFO  time: code lens generation in 7.12s
2023.03.18 12:16:42 INFO  time: code lens generation in 7.14s
2023.03.18 12:16:45 INFO  [info] loading settings for project lab_8_zubko-build-build from metals.sbt ...
2023.03.18 12:16:46 INFO  [info] loading project definition from /home/karina/Документы/Scala_my_rep/lab_8_zubko/project/project
2023.03.18 12:16:49 INFO  [info] loading settings for project lab_8_zubko-build from metals.sbt ...
2023.03.18 12:16:49 INFO  [info] loading project definition from /home/karina/Документы/Scala_my_rep/lab_8_zubko/project
2023.03.18 12:16:53 INFO  [success] Generated .bloop/lab_8_zubko-build.json
2023.03.18 12:16:53 INFO  [success] Total time: 4 s, completed 18 мар. 2023 г., 12:16:54
2023.03.18 12:16:56 INFO  [info] loading settings for project lab_8_zubko from build.sbt ...
2023.03.18 12:16:56 INFO  [info] set current project to hello-world (in build file:/home/karina/Документы/Scala_my_rep/lab_8_zubko/)
2023.03.18 12:16:56 INFO  [success] Generated .bloop/lab_8_zubko.json
2023.03.18 12:16:56 INFO  [success] Generated .bloop/lab_8_zubko-test.json
2023.03.18 12:16:56 INFO  [success] Total time: 1 s, completed 18 мар. 2023 г., 12:16:57
2023.03.18 12:16:58 INFO  time: ran 'sbt bloopInstall' in 19s
2023.03.18 12:16:58 INFO  Attempting to connect to the build server...
2023.03.18 12:16:58 INFO  Bloop uses /usr/lib/jvm/java-17-openjdk-amd64 defined at /home/karina/.bloop/bloop.json
2023.03.18 12:16:58 INFO  tracing is disabled for protocol BSP, to enable tracing of incoming and outgoing JSON messages create an empty file at /home/karina/Документы/Scala_my_rep/lab_8_zubko/.metals/bsp.trace.json or /home/karina/.cache/metals/bsp.trace.json
2023.03.18 12:16:58 INFO  Attempting to connect to the build server...
2023.03.18 12:16:58 INFO  Bloop uses /usr/lib/jvm/java-17-openjdk-amd64 defined at /home/karina/.bloop/bloop.json
2023.03.18 12:16:58 INFO  tracing is disabled for protocol BSP, to enable tracing of incoming and outgoing JSON messages create an empty file at /home/karina/Документы/Scala_my_rep/lab_8_zubko/project/.metals/bsp.trace.json or /home/karina/.cache/metals/bsp.trace.json
2023.03.18 12:16:58 INFO  time: Connected to build server in 0.29s
2023.03.18 12:16:58 INFO  Connected to Build server: Bloop v1.5.6
2023.03.18 12:17:00 WARN  Could not find java sources in /usr/lib/jvm/src.zip, /usr/lib/jvm/lib/src.zip, /usr/lib/jvm/java-17-openjdk-amd64/src.zip, /usr/lib/jvm/java-17-openjdk-amd64/lib/src.zip. Java symbols will not be available.
2023.03.18 12:17:03 WARN  Could not find java sources in /usr/lib/jvm/src.zip, /usr/lib/jvm/lib/src.zip, /usr/lib/jvm/java-17-openjdk-amd64/src.zip, /usr/lib/jvm/java-17-openjdk-amd64/lib/src.zip. Java symbols will not be available.
2023.03.18 12:17:03 WARN  Could not find java sources in /usr/lib/jvm/src.zip, /usr/lib/jvm/lib/src.zip, /usr/lib/jvm/java-17-openjdk-amd64/src.zip, /usr/lib/jvm/java-17-openjdk-amd64/lib/src.zip. Java symbols will not be available.
2023.03.18 12:17:03 INFO  time: indexed workspace in 5.25s
2023.03.18 12:17:03 INFO  compiling lab_8_zubko (1 scala source)
2023.03.18 12:17:05 INFO  time: compiled lab_8_zubko in 2.03s
2023.03.18 12:20:36 INFO  compiling lab_8_zubko (1 scala source)
2023.03.18 12:20:36 INFO  time: compiled lab_8_zubko in 0.68s
