2023.03.18 12:01:04 INFO  Started: Metals version 0.11.11 in workspace '/home/karina/Документы/Scala_my_rep/lab_6_zubko' for client Visual Studio Code 1.76.1.
SLF4J: No SLF4J providers were found.
SLF4J: Defaulting to no-operation (NOP) logger implementation
SLF4J: See https://www.slf4j.org/codes.html#noProviders for further details.
SLF4J: Class path contains SLF4J bindings targeting slf4j-api versions 1.7.x or earlier.
SLF4J: Ignoring binding found at [jar:file:/home/karina/.cache/coursier/v1/https/repo1.maven.org/maven2/com/outr/scribe-slf4j_2.13/3.11.0/scribe-slf4j_2.13-3.11.0.jar!/org/slf4j/impl/StaticLoggerBinder.class]
SLF4J: See https://www.slf4j.org/codes.html#ignoredBindings for an explanation.
2023.03.18 12:01:05 INFO  time: initialize in 1.35s
2023.03.18 12:01:07 WARN  Build server is not auto-connectable.
2023.03.18 12:01:08 WARN  no build target for: /home/karina/Документы/Scala_my_rep/lab_6_zubko/src/main/scala/Main.scala
2023.03.18 12:01:11 INFO  no build target found for /home/karina/Документы/Scala_my_rep/lab_6_zubko/src/main/scala/Main.scala. Using presentation compiler with project's scala-library version: 3.2.2
2023.03.18 12:01:13 INFO  time: code lens generation in 5.14s
2023.03.18 12:01:13 INFO  time: code lens generation in 5.14s
2023.03.18 12:01:15 INFO  running '/usr/lib/jvm/java-17-openjdk-amd64/bin/java -Djline.terminal=jline.UnsupportedTerminal -Dsbt.log.noformat=true -Dfile.encoding=UTF-8 -jar /tmp/metals16125719998407160299/sbt-launch.jar -Dbloop.export-jar-classifiers=sources bloopInstall'
2023.03.18 12:01:15 WARN  no build target for: /home/karina/Документы/Scala_my_rep/lab_6_zubko/project/metals.sbt
2023.03.18 12:01:15 INFO  skipping build import with status 'Started'
2023.03.18 12:01:17 INFO  [info] welcome to sbt 1.8.2 (Private Build Java 17.0.6)
2023.03.18 12:01:20 INFO  [info] loading settings for project lab_6_zubko-build-build from metals.sbt ...
2023.03.18 12:01:21 INFO  [info] loading project definition from /home/karina/Документы/Scala_my_rep/lab_6_zubko/project/project
2023.03.18 12:01:25 INFO  [info] loading settings for project lab_6_zubko-build from metals.sbt ...
2023.03.18 12:01:25 INFO  [info] loading project definition from /home/karina/Документы/Scala_my_rep/lab_6_zubko/project
2023.03.18 12:01:28 INFO  [success] Generated .bloop/lab_6_zubko-build.json
2023.03.18 12:01:28 INFO  [success] Total time: 3 s, completed 18 мар. 2023 г., 12:01:28
2023.03.18 12:01:31 INFO  [info] loading settings for project lab_6_zubko from build.sbt ...
2023.03.18 12:01:31 INFO  [info] set current project to hello-world (in build file:/home/karina/Документы/Scala_my_rep/lab_6_zubko/)
2023.03.18 12:01:33 INFO  [success] Generated .bloop/lab_6_zubko-test.json
2023.03.18 12:01:33 INFO  [success] Generated .bloop/lab_6_zubko.json
2023.03.18 12:01:33 INFO  [success] Total time: 1 s, completed 18 мар. 2023 г., 12:01:33
2023.03.18 12:01:34 INFO  time: ran 'sbt bloopInstall' in 18s
2023.03.18 12:01:34 INFO  Attempting to connect to the build server...
2023.03.18 12:01:34 INFO  Bloop uses /usr/lib/jvm/java-17-openjdk-amd64 defined at /home/karina/.bloop/bloop.json
2023.03.18 12:01:34 INFO  tracing is disabled for protocol BSP, to enable tracing of incoming and outgoing JSON messages create an empty file at /home/karina/Документы/Scala_my_rep/lab_6_zubko/.metals/bsp.trace.json or /home/karina/.cache/metals/bsp.trace.json
2023.03.18 12:01:34 INFO  Attempting to connect to the build server...
2023.03.18 12:01:34 INFO  Bloop uses /usr/lib/jvm/java-17-openjdk-amd64 defined at /home/karina/.bloop/bloop.json
2023.03.18 12:01:34 INFO  tracing is disabled for protocol BSP, to enable tracing of incoming and outgoing JSON messages create an empty file at /home/karina/Документы/Scala_my_rep/lab_6_zubko/project/.metals/bsp.trace.json or /home/karina/.cache/metals/bsp.trace.json
2023.03.18 12:01:34 INFO  time: Connected to build server in 0.37s
2023.03.18 12:01:34 INFO  Connected to Build server: Bloop v1.5.6
2023.03.18 12:01:36 WARN  Could not find java sources in /usr/lib/jvm/src.zip, /usr/lib/jvm/lib/src.zip, /usr/lib/jvm/java-17-openjdk-amd64/src.zip, /usr/lib/jvm/java-17-openjdk-amd64/lib/src.zip. Java symbols will not be available.
2023.03.18 12:01:39 WARN  Could not find java sources in /usr/lib/jvm/src.zip, /usr/lib/jvm/lib/src.zip, /usr/lib/jvm/java-17-openjdk-amd64/src.zip, /usr/lib/jvm/java-17-openjdk-amd64/lib/src.zip. Java symbols will not be available.
2023.03.18 12:01:39 WARN  Could not find java sources in /usr/lib/jvm/src.zip, /usr/lib/jvm/lib/src.zip, /usr/lib/jvm/java-17-openjdk-amd64/src.zip, /usr/lib/jvm/java-17-openjdk-amd64/lib/src.zip. Java symbols will not be available.
2023.03.18 12:01:39 INFO  time: indexed workspace in 4.79s
2023.03.18 12:01:39 INFO  compiling lab_6_zubko (1 scala source)
2023.03.18 12:01:41 INFO  time: compiled lab_6_zubko in 1.74s
2023.03.18 12:03:25 INFO  compiling lab_6_zubko (1 scala source)
2023.03.18 12:03:26 INFO  time: compiled lab_6_zubko in 1.69s
2023.03.18 12:03:34 INFO  compiling lab_6_zubko (1 scala source)
2023.03.18 12:03:34 WARN  Could not load snapshot text for /home/karina/Документы/Scala_my_rep/lab_6_zubko/src/main/scala/Main.scala
2023.03.18 12:03:35 INFO  time: compiled lab_6_zubko in 1.52s
2023.03.18 12:03:38 INFO  compiling lab_6_zubko (1 scala source)
2023.03.18 12:03:38 INFO  time: compiled lab_6_zubko in 0.94s
2023.03.18 12:03:40 INFO  compiling lab_6_zubko (1 scala source)
2023.03.18 12:03:40 INFO  time: compiled lab_6_zubko in 0.83s
2023.03.18 12:03:42 INFO  compiling lab_6_zubko (1 scala source)
2023.03.18 12:03:42 WARN  Could not load snapshot text for /home/karina/Документы/Scala_my_rep/lab_6_zubko/src/main/scala/Main.scala
2023.03.18 12:03:42 INFO  time: compiled lab_6_zubko in 0.14s
2023.03.18 12:03:42 WARN  Could not load snapshot text for /home/karina/Документы/Scala_my_rep/lab_6_zubko/src/main/scala/Main.scala
2023.03.18 12:03:43 WARN  Could not load snapshot text for /home/karina/Документы/Scala_my_rep/lab_6_zubko/src/main/scala/Main.scala
2023.03.18 12:03:43 INFO  compiling lab_6_zubko (1 scala source)
2023.03.18 12:03:43 INFO  time: compiled lab_6_zubko in 51ms
2023.03.18 12:03:44 WARN  Could not load snapshot text for /home/karina/Документы/Scala_my_rep/lab_6_zubko/src/main/scala/Main.scala
2023.03.18 12:03:45 INFO  compiling lab_6_zubko (1 scala source)
2023.03.18 12:03:45 INFO  time: compiled lab_6_zubko in 61ms
2023.03.18 12:03:45 WARN  Could not load snapshot text for /home/karina/Документы/Scala_my_rep/lab_6_zubko/src/main/scala/Main.scala
2023.03.18 12:03:46 INFO  compiling lab_6_zubko (1 scala source)
2023.03.18 12:03:46 INFO  time: compiled lab_6_zubko in 58ms
2023.03.18 12:03:46 WARN  Could not load snapshot text for /home/karina/Документы/Scala_my_rep/lab_6_zubko/src/main/scala/Main.scala
2023.03.18 12:03:48 WARN  Could not load snapshot text for /home/karina/Документы/Scala_my_rep/lab_6_zubko/src/main/scala/Main.scala
2023.03.18 12:03:48 INFO  time: code lens generation in 1.04s
2023.03.18 12:03:48 INFO  compiling lab_6_zubko (1 scala source)
2023.03.18 12:03:48 INFO  time: compiled lab_6_zubko in 60ms
2023.03.18 12:03:49 WARN  Could not load snapshot text for /home/karina/Документы/Scala_my_rep/lab_6_zubko/src/main/scala/Main.scala
2023.03.18 12:03:49 INFO  compiling lab_6_zubko (1 scala source)
2023.03.18 12:03:49 INFO  time: compiled lab_6_zubko in 75ms
2023.03.18 12:03:50 WARN  Could not load snapshot text for /home/karina/Документы/Scala_my_rep/lab_6_zubko/src/main/scala/Main.scala
2023.03.18 12:04:55 WARN  Could not load snapshot text for /home/karina/Документы/Scala_my_rep/lab_6_zubko/src/main/scala/Main.scala
2023.03.18 12:05:04 WARN  Could not load snapshot text for /home/karina/Документы/Scala_my_rep/lab_6_zubko/src/main/scala/Main.scala
2023.03.18 12:05:30 WARN  Could not load snapshot text for /home/karina/Документы/Scala_my_rep/lab_6_zubko/src/main/scala/Main.scala
2023.03.18 12:05:58 WARN  Could not load snapshot text for /home/karina/Документы/Scala_my_rep/lab_6_zubko/src/main/scala/Main.scala
2023.03.18 12:06:00 WARN  Could not load snapshot text for /home/karina/Документы/Scala_my_rep/lab_6_zubko/src/main/scala/Main.scala
2023.03.18 12:06:01 INFO  compiling lab_6_zubko (1 scala source)
2023.03.18 12:06:01 INFO  time: compiled lab_6_zubko in 58ms
2023.03.18 12:06:01 INFO  file:///home/karina/%D0%94%D0%BE%D0%BA%D1%83%D0%BC%D0%B5%D0%BD%D1%82%D1%8B/Scala_my_rep/lab_6_zubko/src/main/scala/Main.scala:3:29: stale bloop error: ';' expected but identifier found.
import scala.math.powobject Main extends App {
                            ^
2023.03.18 12:06:01 INFO  file:///home/karina/%D0%94%D0%BE%D0%BA%D1%83%D0%BC%D0%B5%D0%BD%D1%82%D1%8B/Scala_my_rep/lab_6_zubko/src/main/scala/Main.scala:3:29: stale bloop error: ';' expected but identifier found.
import scala.math.powobject Main extends App {
                            ^
2023.03.18 12:06:02 WARN  Could not load snapshot text for /home/karina/Документы/Scala_my_rep/lab_6_zubko/src/main/scala/Main.scala
2023.03.18 12:06:02 INFO  file:///home/karina/%D0%94%D0%BE%D0%BA%D1%83%D0%BC%D0%B5%D0%BD%D1%82%D1%8B/Scala_my_rep/lab_6_zubko/src/main/scala/Main.scala:3:29: stale bloop error: ';' expected but identifier found.
import scala.math.powobject Main extends App {
                            ^
2023.03.18 12:06:02 INFO  compiling lab_6_zubko (1 scala source)
2023.03.18 12:06:02 INFO  file:///home/karina/%D0%94%D0%BE%D0%BA%D1%83%D0%BC%D0%B5%D0%BD%D1%82%D1%8B/Scala_my_rep/lab_6_zubko/src/main/scala/Main.scala:1:1: stale bloop error: expected class or object definition
[error] /home/karina/Документы/Scala_my_rep/lab_6_zubko/src/main/scala/Main.scala:2:29: ';' expected but identifier found.
^
2023.03.18 12:06:02 INFO  file:///home/karina/%D0%94%D0%BE%D0%BA%D1%83%D0%BC%D0%B5%D0%BD%D1%82%D1%8B/Scala_my_rep/lab_6_zubko/src/main/scala/Main.scala:1:1: stale bloop error: expected class or object definition
[error] /home/karina/Документы/Scala_my_rep/lab_6_zubko/src/main/scala/Main.scala:2:29: ';' expected but identifier found.
^
2023.03.18 12:06:02 INFO  file:///home/karina/%D0%94%D0%BE%D0%BA%D1%83%D0%BC%D0%B5%D0%BD%D1%82%D1%8B/Scala_my_rep/lab_6_zubko/src/main/scala/Main.scala:3:1: stale bloop error: Missing closing brace `}` assumed here
[error]                             ^
^
2023.03.18 12:06:02 INFO  file:///home/karina/%D0%94%D0%BE%D0%BA%D1%83%D0%BC%D0%B5%D0%BD%D1%82%D1%8B/Scala_my_rep/lab_6_zubko/src/main/scala/Main.scala:8:29: stale bloop error: ';' expected but identifier found.
import scala.math.powobject Main extends App {
                            ^
2023.03.18 12:06:02 INFO  time: compiled lab_6_zubko in 68ms
2023.03.18 12:06:03 INFO  file:///home/karina/%D0%94%D0%BE%D0%BA%D1%83%D0%BC%D0%B5%D0%BD%D1%82%D1%8B/Scala_my_rep/lab_6_zubko/src/main/scala/Main.scala:1:1: stale bloop error: expected class or object definition
[error] /home/karina/Документы/Scala_my_rep/lab_6_zubko/src/main/scala/Main.scala:2:29: ';' expected but identifier found.
^
2023.03.18 12:06:03 INFO  file:///home/karina/%D0%94%D0%BE%D0%BA%D1%83%D0%BC%D0%B5%D0%BD%D1%82%D1%8B/Scala_my_rep/lab_6_zubko/src/main/scala/Main.scala:3:1: stale bloop error: Missing closing brace `}` assumed here
[error]                             ^
^
2023.03.18 12:06:03 INFO  file:///home/karina/%D0%94%D0%BE%D0%BA%D1%83%D0%BC%D0%B5%D0%BD%D1%82%D1%8B/Scala_my_rep/lab_6_zubko/src/main/scala/Main.scala:8:29: stale bloop error: ';' expected but identifier found.
import scala.math.powobject Main extends App {
                            ^
2023.03.18 12:06:03 INFO  file:///home/karina/%D0%94%D0%BE%D0%BA%D1%83%D0%BC%D0%B5%D0%BD%D1%82%D1%8B/Scala_my_rep/lab_6_zubko/src/main/scala/Main.scala:1:1: stale bloop error: expected class or object definition
[error] /home/karina/Документы/Scala_my_rep/lab_6_zubko/src/main/scala/Main.scala:2:29: ';' expected but identifier found.
^
2023.03.18 12:06:03 INFO  file:///home/karina/%D0%94%D0%BE%D0%BA%D1%83%D0%BC%D0%B5%D0%BD%D1%82%D1%8B/Scala_my_rep/lab_6_zubko/src/main/scala/Main.scala:3:1: stale bloop error: Missing closing brace `}` assumed here
[error]                             ^
^
2023.03.18 12:06:03 INFO  file:///home/karina/%D0%94%D0%BE%D0%BA%D1%83%D0%BC%D0%B5%D0%BD%D1%82%D1%8B/Scala_my_rep/lab_6_zubko/src/main/scala/Main.scala:8:29: stale bloop error: ';' expected but identifier found.
import scala.math.powobject Main extends App {
                            ^
2023.03.18 12:06:03 WARN  Could not load snapshot text for /home/karina/Документы/Scala_my_rep/lab_6_zubko/src/main/scala/Main.scala
2023.03.18 12:06:04 INFO  file:///home/karina/%D0%94%D0%BE%D0%BA%D1%83%D0%BC%D0%B5%D0%BD%D1%82%D1%8B/Scala_my_rep/lab_6_zubko/src/main/scala/Main.scala:1:1: stale bloop error: expected class or object definition
[error] /home/karina/Документы/Scala_my_rep/lab_6_zubko/src/main/scala/Main.scala:2:29: ';' expected but identifier found.
^
2023.03.18 12:06:04 INFO  file:///home/karina/%D0%94%D0%BE%D0%BA%D1%83%D0%BC%D0%B5%D0%BD%D1%82%D1%8B/Scala_my_rep/lab_6_zubko/src/main/scala/Main.scala:3:1: stale bloop error: Missing closing brace `}` assumed here
[error]                             ^
^
2023.03.18 12:06:04 INFO  compiling lab_6_zubko (1 scala source)
2023.03.18 12:06:04 INFO  file:///home/karina/%D0%94%D0%BE%D0%BA%D1%83%D0%BC%D0%B5%D0%BD%D1%82%D1%8B/Scala_my_rep/lab_6_zubko/src/main/scala/Main.scala:8:29: stale bloop error: ';' expected but identifier found.
import scala.math.powobject Main extends App {
                            ^
2023.03.18 12:06:04 INFO  time: compiled lab_6_zubko in 64ms
2023.03.18 12:06:04 WARN  Could not load snapshot text for /home/karina/Документы/Scala_my_rep/lab_6_zubko/src/main/scala/Main.scala
2023.03.18 12:06:15 WARN  Could not load snapshot text for /home/karina/Документы/Scala_my_rep/lab_6_zubko/src/main/scala/Main.scala
2023.03.18 12:06:16 WARN  Could not load snapshot text for /home/karina/Документы/Scala_my_rep/lab_6_zubko/src/main/scala/Main.scala
2023.03.18 12:06:18 INFO  compiling lab_6_zubko (1 scala source)
2023.03.18 12:06:18 INFO  time: compiled lab_6_zubko in 0.89s
2023.03.18 12:06:20 INFO  compiling lab_6_zubko (1 scala source)
2023.03.18 12:06:20 INFO  time: compiled lab_6_zubko in 0.7s
мар. 18, 2023 12:06:22 PM org.eclipse.lsp4j.jsonrpc.RemoteEndpoint handleCancellation
WARNING: Unmatched cancel notification for request id 160
мар. 18, 2023 12:06:25 PM org.eclipse.lsp4j.jsonrpc.RemoteEndpoint handleCancellation
WARNING: Unmatched cancel notification for request id 179
2023.03.18 12:06:27 INFO  compiling lab_6_zubko (1 scala source)
2023.03.18 12:06:27 INFO  time: compiled lab_6_zubko in 0.76s
2023.03.18 12:06:47 INFO  compiling lab_6_zubko (1 scala source)
2023.03.18 12:06:48 INFO  time: compiled lab_6_zubko in 1.39s
2023.03.18 12:06:50 INFO  compiling lab_6_zubko (1 scala source)
2023.03.18 12:06:51 INFO  time: compiled lab_6_zubko in 1.4s
2023.03.18 12:06:54 INFO  compiling lab_6_zubko (1 scala source)
2023.03.18 12:06:55 INFO  time: compiled lab_6_zubko in 1.76s
2023.03.18 12:06:55 INFO  compiling lab_6_zubko (1 scala source)
2023.03.18 12:06:56 WARN  Could not load snapshot text for /home/karina/Документы/Scala_my_rep/lab_6_zubko/src/main/scala/Main.scala
2023.03.18 12:06:55 INFO  time: compiled lab_6_zubko in 0.73s
