2023.03.18 15:28:18 INFO  Started: Metals version 0.11.11 in workspace '/home/karina/Документы/Scala_my_rep/lab_15_zubko' for client Visual Studio Code 1.76.1.
SLF4J: No SLF4J providers were found.
SLF4J: Defaulting to no-operation (NOP) logger implementation
SLF4J: See https://www.slf4j.org/codes.html#noProviders for further details.
SLF4J: Class path contains SLF4J bindings targeting slf4j-api versions 1.7.x or earlier.
SLF4J: Ignoring binding found at [jar:file:/home/karina/.cache/coursier/v1/https/repo1.maven.org/maven2/com/outr/scribe-slf4j_2.13/3.11.0/scribe-slf4j_2.13-3.11.0.jar!/org/slf4j/impl/StaticLoggerBinder.class]
SLF4J: See https://www.slf4j.org/codes.html#ignoredBindings for an explanation.
2023.03.18 15:28:20 INFO  time: initialize in 1.99s
2023.03.18 15:28:23 WARN  Build server is not auto-connectable.
2023.03.18 15:28:25 INFO  running '/usr/lib/jvm/java-17-openjdk-amd64/bin/java -Djline.terminal=jline.UnsupportedTerminal -Dsbt.log.noformat=true -Dfile.encoding=UTF-8 -jar /tmp/metals6349716225319842234/sbt-launch.jar -Dbloop.export-jar-classifiers=sources bloopInstall'
2023.03.18 15:28:26 WARN  no build target for: /home/karina/Документы/Scala_my_rep/lab_15_zubko/project/metals.sbt
2023.03.18 15:28:26 INFO  skipping build import with status 'Started'
2023.03.18 15:28:28 INFO  [info] welcome to sbt 1.8.2 (Private Build Java 17.0.6)
2023.03.18 15:28:29 WARN  no build target for: /home/karina/Документы/Scala_my_rep/lab_15_zubko/src/main/scala/Main.scala
2023.03.18 15:28:32 INFO  no build target found for /home/karina/Документы/Scala_my_rep/lab_15_zubko/project/metals.sbt. Using presentation compiler with project's scala-library version: 3.2.2
2023.03.18 15:28:34 INFO  [info] loading settings for project lab_15_zubko-build-build from metals.sbt ...
2023.03.18 15:28:36 INFO  [info] loading project definition from /home/karina/Документы/Scala_my_rep/lab_15_zubko/project/project
2023.03.18 15:28:36 INFO  time: code lens generation in 6.64s
2023.03.18 15:28:39 INFO  [info] loading settings for project lab_15_zubko-build from metals.sbt ...
2023.03.18 15:28:39 INFO  [info] loading project definition from /home/karina/Документы/Scala_my_rep/lab_15_zubko/project
2023.03.18 15:28:43 INFO  [success] Generated .bloop/lab_15_zubko-build.json
2023.03.18 15:28:43 INFO  [success] Total time: 3 s, completed 18 мар. 2023 г., 15:28:43
2023.03.18 15:28:46 INFO  [info] loading settings for project lab_15_zubko from build.sbt ...
2023.03.18 15:28:46 INFO  [info] set current project to hello-world (in build file:/home/karina/Документы/Scala_my_rep/lab_15_zubko/)
2023.03.18 15:28:46 INFO  [success] Generated .bloop/lab_15_zubko-test.json
2023.03.18 15:28:46 INFO  [success] Generated .bloop/lab_15_zubko.json
2023.03.18 15:28:46 INFO  [success] Total time: 0 s, completed 18 мар. 2023 г., 15:28:47
2023.03.18 15:28:48 INFO  time: ran 'sbt bloopInstall' in 22s
2023.03.18 15:28:48 INFO  Attempting to connect to the build server...
2023.03.18 15:28:48 INFO  Bloop uses /usr/lib/jvm/java-17-openjdk-amd64 defined at /home/karina/.bloop/bloop.json
2023.03.18 15:28:48 INFO  tracing is disabled for protocol BSP, to enable tracing of incoming and outgoing JSON messages create an empty file at /home/karina/Документы/Scala_my_rep/lab_15_zubko/.metals/bsp.trace.json or /home/karina/.cache/metals/bsp.trace.json
2023.03.18 15:28:48 INFO  Attempting to connect to the build server...
2023.03.18 15:28:48 INFO  Bloop uses /usr/lib/jvm/java-17-openjdk-amd64 defined at /home/karina/.bloop/bloop.json
2023.03.18 15:28:48 INFO  tracing is disabled for protocol BSP, to enable tracing of incoming and outgoing JSON messages create an empty file at /home/karina/Документы/Scala_my_rep/lab_15_zubko/project/.metals/bsp.trace.json or /home/karina/.cache/metals/bsp.trace.json
2023.03.18 15:28:48 INFO  time: Connected to build server in 0.35s
2023.03.18 15:28:48 INFO  Connected to Build server: Bloop v1.5.6
2023.03.18 15:28:50 WARN  Could not find java sources in /usr/lib/jvm/src.zip, /usr/lib/jvm/lib/src.zip, /usr/lib/jvm/java-17-openjdk-amd64/src.zip, /usr/lib/jvm/java-17-openjdk-amd64/lib/src.zip. Java symbols will not be available.
2023.03.18 15:28:53 WARN  Could not find java sources in /usr/lib/jvm/src.zip, /usr/lib/jvm/lib/src.zip, /usr/lib/jvm/java-17-openjdk-amd64/src.zip, /usr/lib/jvm/java-17-openjdk-amd64/lib/src.zip. Java symbols will not be available.
2023.03.18 15:28:53 WARN  Could not find java sources in /usr/lib/jvm/src.zip, /usr/lib/jvm/lib/src.zip, /usr/lib/jvm/java-17-openjdk-amd64/src.zip, /usr/lib/jvm/java-17-openjdk-amd64/lib/src.zip. Java symbols will not be available.
2023.03.18 15:28:53 INFO  time: indexed workspace in 5.1s
2023.03.18 15:28:53 INFO  compiling lab_15_zubko (1 scala source)
2023.03.18 15:28:55 INFO  time: compiled lab_15_zubko in 1.66s
2023.03.18 15:30:49 INFO  running '/usr/lib/jvm/java-17-openjdk-amd64/bin/java -Djline.terminal=jline.UnsupportedTerminal -Dsbt.log.noformat=true -Dfile.encoding=UTF-8 -jar /tmp/metals13931255099725769836/sbt-launch.jar -Dbloop.export-jar-classifiers=sources bloopInstall'
2023.03.18 15:30:51 INFO  [info] welcome to sbt 1.8.2 (Private Build Java 17.0.6)
2023.03.18 15:30:52 INFO  [info] loading settings for project lab_15_zubko-build-build from metals.sbt ...
2023.03.18 15:30:53 INFO  [info] loading project definition from /home/karina/Документы/Scala_my_rep/lab_15_zubko/project/project
2023.03.18 15:30:55 INFO  [info] loading settings for project lab_15_zubko-build from metals.sbt ...
2023.03.18 15:30:55 INFO  [info] loading project definition from /home/karina/Документы/Scala_my_rep/lab_15_zubko/project
2023.03.18 15:30:59 INFO  [success] Generated .bloop/lab_15_zubko-build.json
2023.03.18 15:30:59 INFO  [success] Total time: 4 s, completed 18 мар. 2023 г., 15:30:59
2023.03.18 15:31:02 INFO  [info] loading settings for project lab_15_zubko from build.sbt ...
2023.03.18 15:31:02 INFO  [info] set current project to hello-world (in build file:/home/karina/Документы/Scala_my_rep/lab_15_zubko/)
2023.03.18 15:31:04 INFO  [success] Generated .bloop/lab_15_zubko.json
2023.03.18 15:31:04 INFO  [success] Generated .bloop/lab_15_zubko-test.json
2023.03.18 15:31:04 INFO  [success] Total time: 1 s, completed 18 мар. 2023 г., 15:31:04
2023.03.18 15:31:04 INFO  time: ran 'sbt bloopInstall' in 15s
2023.03.18 15:31:04 INFO  Disconnecting from Bloop session...
2023.03.18 15:31:04 INFO  Shut down connection with build server.
2023.03.18 15:31:04 INFO  Shut down connection with build server.
2023.03.18 15:31:04 INFO  Attempting to connect to the build server...
2023.03.18 15:31:04 INFO  Bloop uses /usr/lib/jvm/java-17-openjdk-amd64 defined at /home/karina/.bloop/bloop.json
2023.03.18 15:31:04 INFO  tracing is disabled for protocol BSP, to enable tracing of incoming and outgoing JSON messages create an empty file at /home/karina/Документы/Scala_my_rep/lab_15_zubko/.metals/bsp.trace.json or /home/karina/.cache/metals/bsp.trace.json
2023.03.18 15:31:04 INFO  Attempting to connect to the build server...
2023.03.18 15:31:04 INFO  Bloop uses /usr/lib/jvm/java-17-openjdk-amd64 defined at /home/karina/.bloop/bloop.json
2023.03.18 15:31:04 INFO  tracing is disabled for protocol BSP, to enable tracing of incoming and outgoing JSON messages create an empty file at /home/karina/Документы/Scala_my_rep/lab_15_zubko/project/.metals/bsp.trace.json or /home/karina/.cache/metals/bsp.trace.json
2023.03.18 15:31:04 INFO  time: Connected to build server in 0.15s
2023.03.18 15:31:04 INFO  Connected to Build server: Bloop v1.5.6
2023.03.18 15:31:06 WARN  Could not find java sources in /usr/lib/jvm/src.zip, /usr/lib/jvm/lib/src.zip, /usr/lib/jvm/java-17-openjdk-amd64/src.zip, /usr/lib/jvm/java-17-openjdk-amd64/lib/src.zip. Java symbols will not be available.
2023.03.18 15:31:06 WARN  Could not find java sources in /usr/lib/jvm/src.zip, /usr/lib/jvm/lib/src.zip, /usr/lib/jvm/java-17-openjdk-amd64/src.zip, /usr/lib/jvm/java-17-openjdk-amd64/lib/src.zip. Java symbols will not be available.
2023.03.18 15:31:06 WARN  Could not find java sources in /usr/lib/jvm/src.zip, /usr/lib/jvm/lib/src.zip, /usr/lib/jvm/java-17-openjdk-amd64/src.zip, /usr/lib/jvm/java-17-openjdk-amd64/lib/src.zip. Java symbols will not be available.
2023.03.18 15:31:06 INFO  time: indexed workspace in 1.97s
2023.03.18 15:31:18 INFO  compiling lab_15_zubko (1 scala source)
2023.03.18 15:31:18 INFO  time: compiled lab_15_zubko in 0.45s
2023.03.18 15:31:24 INFO  compiling lab_15_zubko (1 scala source)
2023.03.18 15:31:25 INFO  time: compiled lab_15_zubko in 1.07s
2023.03.18 15:31:40 INFO  compiling lab_15_zubko (1 scala source)
2023.03.18 15:31:41 INFO  time: compiled lab_15_zubko in 1.58s
2023.03.18 15:31:43 INFO  compiling lab_15_zubko (1 scala source)
2023.03.18 15:31:45 INFO  time: compiled lab_15_zubko in 1.78s
2023.03.18 15:31:45 WARN  Could not load snapshot text for /home/karina/Документы/Scala_my_rep/lab_15_zubko/src/main/scala/Main.scala
2023.03.18 15:31:45 INFO  compiling lab_15_zubko (1 scala source)
2023.03.18 15:31:48 INFO  time: compiled lab_15_zubko in 2.59s
2023.03.18 15:40:39 INFO  compiling lab_15_zubko (1 scala source)
2023.03.18 15:40:39 INFO  time: compiled lab_15_zubko in 0.98s
2023.03.18 15:44:22 INFO  compiling lab_15_zubko (1 scala source)
2023.03.18 15:44:22 INFO  time: compiled lab_15_zubko in 0.62s
2023.03.18 15:45:16 INFO  compiling lab_15_zubko (1 scala source)
мар. 18, 2023 3:45:16 PM org.eclipse.lsp4j.jsonrpc.RemoteEndpoint handleCancellation
WARNING: Unmatched cancel notification for request id 111
2023.03.18 15:45:17 INFO  time: compiled lab_15_zubko in 1.05s
2023.03.18 15:46:18 INFO  compiling lab_15_zubko (1 scala source)
2023.03.18 15:46:18 WARN  Could not load snapshot text for /home/karina/Документы/Scala_my_rep/lab_15_zubko/src/main/scala/Main.scala
2023.03.18 15:46:18 INFO  time: compiled lab_15_zubko in 0.89s
2023.03.18 15:48:14 INFO  Shutting down server
2023.03.18 15:48:14 INFO  shutting down Metals
2023.03.18 15:48:14 INFO  Shut down connection with build server.
2023.03.18 15:48:14 INFO  Shut down connection with build server.
2023.03.18 15:48:14 INFO  Exiting server
