2023.03.18 15:16:59 INFO  Started: Metals version 0.11.11 in workspace '/home/karina/Документы/Scala_my_rep/lab_14_zubko' for client Visual Studio Code 1.76.1.
SLF4J: No SLF4J providers were found.
SLF4J: Defaulting to no-operation (NOP) logger implementation
SLF4J: See https://www.slf4j.org/codes.html#noProviders for further details.
SLF4J: Class path contains SLF4J bindings targeting slf4j-api versions 1.7.x or earlier.
SLF4J: Ignoring binding found at [jar:file:/home/karina/.cache/coursier/v1/https/repo1.maven.org/maven2/com/outr/scribe-slf4j_2.13/3.11.0/scribe-slf4j_2.13-3.11.0.jar!/org/slf4j/impl/StaticLoggerBinder.class]
SLF4J: See https://www.slf4j.org/codes.html#ignoredBindings for an explanation.
2023.03.18 15:16:59 INFO  time: initialize in 0.64s
2023.03.18 15:17:02 WARN  Build server is not auto-connectable.
2023.03.18 15:17:04 INFO  running '/usr/lib/jvm/java-17-openjdk-amd64/bin/java -Djline.terminal=jline.UnsupportedTerminal -Dsbt.log.noformat=true -Dfile.encoding=UTF-8 -jar /tmp/metals5682411098614652117/sbt-launch.jar -Dbloop.export-jar-classifiers=sources bloopInstall'
2023.03.18 15:17:04 WARN  no build target for: /home/karina/Документы/Scala_my_rep/lab_14_zubko/project/metals.sbt
2023.03.18 15:17:04 INFO  skipping build import with status 'Started'
2023.03.18 15:17:06 INFO  [info] welcome to sbt 1.8.2 (Private Build Java 17.0.6)
2023.03.18 15:17:11 INFO  no build target found for /home/karina/Документы/Scala_my_rep/lab_14_zubko/project/metals.sbt. Using presentation compiler with project's scala-library version: 3.2.2
2023.03.18 15:17:12 INFO  [info] loading settings for project lab_14_zubko-build-build from metals.sbt ...
2023.03.18 15:17:14 INFO  [info] loading project definition from /home/karina/Документы/Scala_my_rep/lab_14_zubko/project/project
2023.03.18 15:17:18 INFO  [info] loading settings for project lab_14_zubko-build from metals.sbt ...
2023.03.18 15:17:18 INFO  [info] loading project definition from /home/karina/Документы/Scala_my_rep/lab_14_zubko/project
2023.03.18 15:17:22 INFO  [success] Generated .bloop/lab_14_zubko-build.json
2023.03.18 15:17:22 INFO  [success] Total time: 4 s, completed 18 мар. 2023 г., 15:17:22
2023.03.18 15:17:25 INFO  [info] loading settings for project lab_14_zubko from build.sbt ...
2023.03.18 15:17:25 INFO  [info] set current project to hello-world (in build file:/home/karina/Документы/Scala_my_rep/lab_14_zubko/)
2023.03.18 15:17:25 INFO  [success] Generated .bloop/lab_14_zubko-test.json
2023.03.18 15:17:25 INFO  [success] Generated .bloop/lab_14_zubko.json
2023.03.18 15:17:25 INFO  [success] Total time: 0 s, completed 18 мар. 2023 г., 15:17:26
2023.03.18 15:17:26 INFO  time: ran 'sbt bloopInstall' in 22s
2023.03.18 15:17:26 INFO  Attempting to connect to the build server...
2023.03.18 15:17:26 INFO  Bloop uses /usr/lib/jvm/java-17-openjdk-amd64 defined at /home/karina/.bloop/bloop.json
2023.03.18 15:17:26 INFO  tracing is disabled for protocol BSP, to enable tracing of incoming and outgoing JSON messages create an empty file at /home/karina/Документы/Scala_my_rep/lab_14_zubko/.metals/bsp.trace.json or /home/karina/.cache/metals/bsp.trace.json
2023.03.18 15:17:26 INFO  Attempting to connect to the build server...
2023.03.18 15:17:26 INFO  Bloop uses /usr/lib/jvm/java-17-openjdk-amd64 defined at /home/karina/.bloop/bloop.json
2023.03.18 15:17:26 INFO  tracing is disabled for protocol BSP, to enable tracing of incoming and outgoing JSON messages create an empty file at /home/karina/Документы/Scala_my_rep/lab_14_zubko/project/.metals/bsp.trace.json or /home/karina/.cache/metals/bsp.trace.json
2023.03.18 15:17:26 INFO  time: Connected to build server in 0.34s
2023.03.18 15:17:26 INFO  Connected to Build server: Bloop v1.5.6
2023.03.18 15:17:27 INFO  time: Imported build in 0.13s
2023.03.18 15:17:29 WARN  Could not find java sources in /usr/lib/jvm/src.zip, /usr/lib/jvm/lib/src.zip, /usr/lib/jvm/java-17-openjdk-amd64/src.zip, /usr/lib/jvm/java-17-openjdk-amd64/lib/src.zip. Java symbols will not be available.
2023.03.18 15:17:33 WARN  Could not find java sources in /usr/lib/jvm/src.zip, /usr/lib/jvm/lib/src.zip, /usr/lib/jvm/java-17-openjdk-amd64/src.zip, /usr/lib/jvm/java-17-openjdk-amd64/lib/src.zip. Java symbols will not be available.
2023.03.18 15:17:33 WARN  Could not find java sources in /usr/lib/jvm/src.zip, /usr/lib/jvm/lib/src.zip, /usr/lib/jvm/java-17-openjdk-amd64/src.zip, /usr/lib/jvm/java-17-openjdk-amd64/lib/src.zip. Java symbols will not be available.
2023.03.18 15:17:33 INFO  time: indexed workspace in 6.45s
2023.03.18 15:19:19 INFO  compiling lab_14_zubko (1 scala source)
2023.03.18 15:19:21 INFO  time: compiled lab_14_zubko in 1.75s
2023.03.18 15:21:20 INFO  running '/usr/lib/jvm/java-17-openjdk-amd64/bin/java -Djline.terminal=jline.UnsupportedTerminal -Dsbt.log.noformat=true -Dfile.encoding=UTF-8 -jar /tmp/metals17883597090058697802/sbt-launch.jar -Dbloop.export-jar-classifiers=sources bloopInstall'
2023.03.18 15:21:21 INFO  compiling lab_14_zubko (1 scala source)
2023.03.18 15:21:21 INFO  time: compiled lab_14_zubko in 0.64s
2023.03.18 15:21:23 INFO  [info] welcome to sbt 1.8.2 (Private Build Java 17.0.6)
2023.03.18 15:21:25 INFO  [info] loading settings for project lab_14_zubko-build-build from metals.sbt ...
2023.03.18 15:21:26 INFO  [info] loading project definition from /home/karina/Документы/Scala_my_rep/lab_14_zubko/project/project
2023.03.18 15:21:28 INFO  [info] loading settings for project lab_14_zubko-build from metals.sbt ...
2023.03.18 15:21:28 INFO  [info] loading project definition from /home/karina/Документы/Scala_my_rep/lab_14_zubko/project
2023.03.18 15:21:32 INFO  [success] Generated .bloop/lab_14_zubko-build.json
2023.03.18 15:21:32 INFO  [success] Total time: 4 s, completed 18 мар. 2023 г., 15:21:32
2023.03.18 15:21:36 INFO  [info] loading settings for project lab_14_zubko from build.sbt ...
2023.03.18 15:21:36 INFO  [info] set current project to hello-world (in build file:/home/karina/Документы/Scala_my_rep/lab_14_zubko/)
2023.03.18 15:21:37 INFO  [success] Generated .bloop/lab_14_zubko.json
2023.03.18 15:21:37 INFO  [success] Generated .bloop/lab_14_zubko-test.json
2023.03.18 15:21:37 INFO  [success] Total time: 1 s, completed 18 мар. 2023 г., 15:21:37
2023.03.18 15:21:38 INFO  time: ran 'sbt bloopInstall' in 17s
2023.03.18 15:21:38 INFO  Disconnecting from Bloop session...
2023.03.18 15:21:38 INFO  Shut down connection with build server.
2023.03.18 15:21:38 INFO  Shut down connection with build server.
2023.03.18 15:21:38 INFO  Attempting to connect to the build server...
2023.03.18 15:21:38 INFO  Bloop uses /usr/lib/jvm/java-17-openjdk-amd64 defined at /home/karina/.bloop/bloop.json
2023.03.18 15:21:38 INFO  tracing is disabled for protocol BSP, to enable tracing of incoming and outgoing JSON messages create an empty file at /home/karina/Документы/Scala_my_rep/lab_14_zubko/.metals/bsp.trace.json or /home/karina/.cache/metals/bsp.trace.json
2023.03.18 15:21:38 INFO  Attempting to connect to the build server...
2023.03.18 15:21:38 INFO  Bloop uses /usr/lib/jvm/java-17-openjdk-amd64 defined at /home/karina/.bloop/bloop.json
2023.03.18 15:21:38 INFO  tracing is disabled for protocol BSP, to enable tracing of incoming and outgoing JSON messages create an empty file at /home/karina/Документы/Scala_my_rep/lab_14_zubko/project/.metals/bsp.trace.json or /home/karina/.cache/metals/bsp.trace.json
2023.03.18 15:21:38 INFO  time: Connected to build server in 0.14s
2023.03.18 15:21:38 INFO  Connected to Build server: Bloop v1.5.6
2023.03.18 15:21:40 WARN  Could not find java sources in /usr/lib/jvm/src.zip, /usr/lib/jvm/lib/src.zip, /usr/lib/jvm/java-17-openjdk-amd64/src.zip, /usr/lib/jvm/java-17-openjdk-amd64/lib/src.zip. Java symbols will not be available.
2023.03.18 15:21:40 WARN  Could not find java sources in /usr/lib/jvm/src.zip, /usr/lib/jvm/lib/src.zip, /usr/lib/jvm/java-17-openjdk-amd64/src.zip, /usr/lib/jvm/java-17-openjdk-amd64/lib/src.zip. Java symbols will not be available.
2023.03.18 15:21:40 WARN  Could not find java sources in /usr/lib/jvm/src.zip, /usr/lib/jvm/lib/src.zip, /usr/lib/jvm/java-17-openjdk-amd64/src.zip, /usr/lib/jvm/java-17-openjdk-amd64/lib/src.zip. Java symbols will not be available.
2023.03.18 15:21:40 INFO  time: indexed workspace in 2.04s
2023.03.18 15:21:43 INFO  compiling lab_14_zubko (1 scala source)
2023.03.18 15:21:45 INFO  time: compiled lab_14_zubko in 2.07s
2023.03.18 15:23:02 INFO  compiling lab_14_zubko (1 scala source)
2023.03.18 15:23:03 INFO  time: compiled lab_14_zubko in 1.67s
