2023.03.18 12:55:09 INFO  Started: Metals version 0.11.11 in workspace '/home/karina/Документы/Scala_my_rep/lab_12_zubko' for client Visual Studio Code 1.76.1.
SLF4J: No SLF4J providers were found.
SLF4J: Defaulting to no-operation (NOP) logger implementation
SLF4J: See https://www.slf4j.org/codes.html#noProviders for further details.
SLF4J: Class path contains SLF4J bindings targeting slf4j-api versions 1.7.x or earlier.
SLF4J: Ignoring binding found at [jar:file:/home/karina/.cache/coursier/v1/https/repo1.maven.org/maven2/com/outr/scribe-slf4j_2.13/3.11.0/scribe-slf4j_2.13-3.11.0.jar!/org/slf4j/impl/StaticLoggerBinder.class]
SLF4J: See https://www.slf4j.org/codes.html#ignoredBindings for an explanation.
2023.03.18 12:55:10 INFO  time: initialize in 1.09s
2023.03.18 12:55:13 WARN  Build server is not auto-connectable.
2023.03.18 12:55:50 INFO  running '/usr/lib/jvm/java-17-openjdk-amd64/bin/java -Djline.terminal=jline.UnsupportedTerminal -Dsbt.log.noformat=true -Dfile.encoding=UTF-8 -jar /tmp/metals10310909881666250940/sbt-launch.jar -Dbloop.export-jar-classifiers=sources bloopInstall'
2023.03.18 12:55:50 WARN  no build target for: /home/karina/Документы/Scala_my_rep/lab_12_zubko/project/metals.sbt
2023.03.18 12:55:50 INFO  skipping build import with status 'Started'
2023.03.18 12:55:52 WARN  no build target for: /home/karina/Документы/Scala_my_rep/lab_12_zubko/src/main/scala/Main.scala
2023.03.18 12:55:53 INFO  [info] welcome to sbt 1.8.2 (Private Build Java 17.0.6)
2023.03.18 12:55:57 INFO  no build target found for /home/karina/Документы/Scala_my_rep/lab_12_zubko/project/metals.sbt. Using presentation compiler with project's scala-library version: 3.2.2
2023.03.18 12:55:59 INFO  [info] loading settings for project lab_12_zubko-build-build from metals.sbt ...
2023.03.18 12:56:00 INFO  time: code lens generation in 7.27s
2023.03.18 12:56:01 INFO  [info] loading project definition from /home/karina/Документы/Scala_my_rep/lab_12_zubko/project/project
2023.03.18 12:56:04 INFO  [info] loading settings for project lab_12_zubko-build from metals.sbt ...
2023.03.18 12:56:04 INFO  [info] loading project definition from /home/karina/Документы/Scala_my_rep/lab_12_zubko/project
2023.03.18 12:56:08 INFO  [success] Generated .bloop/lab_12_zubko-build.json
2023.03.18 12:56:08 INFO  [success] Total time: 4 s, completed 18 мар. 2023 г., 12:56:08
2023.03.18 12:56:09 WARN  no build target for: /home/karina/Документы/Scala_my_rep/lab_12_zubko/src/main/scala/Main.scala
2023.03.18 12:56:13 INFO  [info] loading settings for project lab_12_zubko from build.sbt ...
2023.03.18 12:56:13 INFO  [info] set current project to hello-world (in build file:/home/karina/Документы/Scala_my_rep/lab_12_zubko/)
2023.03.18 12:56:14 INFO  [success] Generated .bloop/lab_12_zubko.json
2023.03.18 12:56:14 INFO  [success] Generated .bloop/lab_12_zubko-test.json
2023.03.18 12:56:14 INFO  [success] Total time: 1 s, completed 18 мар. 2023 г., 12:56:14
2023.03.18 12:56:14 INFO  time: ran 'sbt bloopInstall' in 24s
2023.03.18 12:56:14 INFO  Attempting to connect to the build server...
2023.03.18 12:56:14 INFO  Bloop uses /usr/lib/jvm/java-17-openjdk-amd64 defined at /home/karina/.bloop/bloop.json
2023.03.18 12:56:14 INFO  tracing is disabled for protocol BSP, to enable tracing of incoming and outgoing JSON messages create an empty file at /home/karina/Документы/Scala_my_rep/lab_12_zubko/.metals/bsp.trace.json or /home/karina/.cache/metals/bsp.trace.json
2023.03.18 12:56:14 INFO  Attempting to connect to the build server...
2023.03.18 12:56:14 INFO  Bloop uses /usr/lib/jvm/java-17-openjdk-amd64 defined at /home/karina/.bloop/bloop.json
2023.03.18 12:56:14 INFO  tracing is disabled for protocol BSP, to enable tracing of incoming and outgoing JSON messages create an empty file at /home/karina/Документы/Scala_my_rep/lab_12_zubko/project/.metals/bsp.trace.json or /home/karina/.cache/metals/bsp.trace.json
2023.03.18 12:56:15 INFO  time: Connected to build server in 0.37s
2023.03.18 12:56:15 INFO  Connected to Build server: Bloop v1.5.6
2023.03.18 12:56:17 WARN  Could not find java sources in /usr/lib/jvm/src.zip, /usr/lib/jvm/lib/src.zip, /usr/lib/jvm/java-17-openjdk-amd64/src.zip, /usr/lib/jvm/java-17-openjdk-amd64/lib/src.zip. Java symbols will not be available.
2023.03.18 12:56:20 WARN  Could not find java sources in /usr/lib/jvm/src.zip, /usr/lib/jvm/lib/src.zip, /usr/lib/jvm/java-17-openjdk-amd64/src.zip, /usr/lib/jvm/java-17-openjdk-amd64/lib/src.zip. Java symbols will not be available.
2023.03.18 12:56:20 WARN  Could not find java sources in /usr/lib/jvm/src.zip, /usr/lib/jvm/lib/src.zip, /usr/lib/jvm/java-17-openjdk-amd64/src.zip, /usr/lib/jvm/java-17-openjdk-amd64/lib/src.zip. Java symbols will not be available.
2023.03.18 12:56:20 INFO  time: indexed workspace in 4.85s
2023.03.18 12:56:36 INFO  compiling lab_12_zubko (1 scala source)
2023.03.18 12:56:37 INFO  time: compiled lab_12_zubko in 1.73s
мар. 18, 2023 12:58:18 PM org.eclipse.lsp4j.jsonrpc.RemoteEndpoint handleCancellation
WARNING: Unmatched cancel notification for request id 36
2023.03.18 12:58:20 INFO  compiling lab_12_zubko (1 scala source)
2023.03.18 12:58:20 INFO  time: compiled lab_12_zubko in 0.82s
2023.03.18 12:59:21 INFO  
2023.03.18 12:59:21 INFO  Template applied in /home/karina/Документы/Scala_my_rep/./lab_13_zubko
2023.03.18 12:59:21 INFO  
2023.03.18 12:59:21 INFO  time: ran 'giter8.Giter8' in 2.42s
2023.03.18 12:59:25 INFO  Shutting down server
2023.03.18 12:59:25 INFO  shutting down Metals
2023.03.18 12:59:25 INFO  Shut down connection with build server.
2023.03.18 12:59:25 INFO  Shut down connection with build server.
2023.03.18 12:59:25 INFO  Exiting server
